ARM GAS  C:\Users\Prog\AppData\Local\Temp\cclg6MT9.s 			page 1


   1              		.cpu cortex-m4
   2              		.eabi_attribute 27, 1
   3              		.eabi_attribute 28, 1
   4              		.eabi_attribute 20, 1
   5              		.eabi_attribute 21, 1
   6              		.eabi_attribute 23, 3
   7              		.eabi_attribute 24, 1
   8              		.eabi_attribute 25, 1
   9              		.eabi_attribute 26, 1
  10              		.eabi_attribute 30, 1
  11              		.eabi_attribute 34, 1
  12              		.eabi_attribute 18, 4
  13              		.file	"gd32f30x_fwdgt.c"
  14              		.text
  15              	.Ltext0:
  16              		.cfi_sections	.debug_frame
  17              		.section	.text.fwdgt_write_enable,"ax",%progbits
  18              		.align	1
  19              		.global	fwdgt_write_enable
  20              		.arch armv7e-m
  21              		.syntax unified
  22              		.thumb
  23              		.thumb_func
  24              		.fpu fpv4-sp-d16
  26              	fwdgt_write_enable:
  27              	.LFB116:
  28              		.file 1 "Drivers/GD32F30x_standard_peripheral/Source/gd32f30x_fwdgt.c"
   1:Drivers/GD32F30x_standard_peripheral/Source/gd32f30x_fwdgt.c **** /*!
   2:Drivers/GD32F30x_standard_peripheral/Source/gd32f30x_fwdgt.c ****     \file    gd32f30x_fwdgt.c
   3:Drivers/GD32F30x_standard_peripheral/Source/gd32f30x_fwdgt.c ****     \brief   FWDGT driver
   4:Drivers/GD32F30x_standard_peripheral/Source/gd32f30x_fwdgt.c **** 
   5:Drivers/GD32F30x_standard_peripheral/Source/gd32f30x_fwdgt.c ****     \version 2017-02-10, V1.0.0, firmware for GD32F30x
   6:Drivers/GD32F30x_standard_peripheral/Source/gd32f30x_fwdgt.c ****     \version 2018-10-10, V1.1.0, firmware for GD32F30x
   7:Drivers/GD32F30x_standard_peripheral/Source/gd32f30x_fwdgt.c ****     \version 2018-12-25, V2.0.0, firmware for GD32F30x
   8:Drivers/GD32F30x_standard_peripheral/Source/gd32f30x_fwdgt.c ****     \version 2020-09-30, V2.1.0, firmware for GD32F30x
   9:Drivers/GD32F30x_standard_peripheral/Source/gd32f30x_fwdgt.c **** */
  10:Drivers/GD32F30x_standard_peripheral/Source/gd32f30x_fwdgt.c **** 
  11:Drivers/GD32F30x_standard_peripheral/Source/gd32f30x_fwdgt.c **** /*
  12:Drivers/GD32F30x_standard_peripheral/Source/gd32f30x_fwdgt.c ****     Copyright (c) 2020, GigaDevice Semiconductor Inc.
  13:Drivers/GD32F30x_standard_peripheral/Source/gd32f30x_fwdgt.c **** 
  14:Drivers/GD32F30x_standard_peripheral/Source/gd32f30x_fwdgt.c ****     Redistribution and use in source and binary forms, with or without modification, 
  15:Drivers/GD32F30x_standard_peripheral/Source/gd32f30x_fwdgt.c **** are permitted provided that the following conditions are met:
  16:Drivers/GD32F30x_standard_peripheral/Source/gd32f30x_fwdgt.c **** 
  17:Drivers/GD32F30x_standard_peripheral/Source/gd32f30x_fwdgt.c ****     1. Redistributions of source code must retain the above copyright notice, this 
  18:Drivers/GD32F30x_standard_peripheral/Source/gd32f30x_fwdgt.c ****        list of conditions and the following disclaimer.
  19:Drivers/GD32F30x_standard_peripheral/Source/gd32f30x_fwdgt.c ****     2. Redistributions in binary form must reproduce the above copyright notice, 
  20:Drivers/GD32F30x_standard_peripheral/Source/gd32f30x_fwdgt.c ****        this list of conditions and the following disclaimer in the documentation 
  21:Drivers/GD32F30x_standard_peripheral/Source/gd32f30x_fwdgt.c ****        and/or other materials provided with the distribution.
  22:Drivers/GD32F30x_standard_peripheral/Source/gd32f30x_fwdgt.c ****     3. Neither the name of the copyright holder nor the names of its contributors 
  23:Drivers/GD32F30x_standard_peripheral/Source/gd32f30x_fwdgt.c ****        may be used to endorse or promote products derived from this software without 
  24:Drivers/GD32F30x_standard_peripheral/Source/gd32f30x_fwdgt.c ****        specific prior written permission.
  25:Drivers/GD32F30x_standard_peripheral/Source/gd32f30x_fwdgt.c **** 
  26:Drivers/GD32F30x_standard_peripheral/Source/gd32f30x_fwdgt.c ****     THIS SOFTWARE IS PROVIDED BY THE COPYRIGHT HOLDERS AND CONTRIBUTORS "AS IS" 
  27:Drivers/GD32F30x_standard_peripheral/Source/gd32f30x_fwdgt.c **** AND ANY EXPRESS OR IMPLIED WARRANTIES, INCLUDING, BUT NOT LIMITED TO, THE IMPLIED 
  28:Drivers/GD32F30x_standard_peripheral/Source/gd32f30x_fwdgt.c **** WARRANTIES OF MERCHANTABILITY AND FITNESS FOR A PARTICULAR PURPOSE ARE DISCLAIMED. 
  29:Drivers/GD32F30x_standard_peripheral/Source/gd32f30x_fwdgt.c **** IN NO EVENT SHALL THE COPYRIGHT HOLDER OR CONTRIBUTORS BE LIABLE FOR ANY DIRECT, 
  30:Drivers/GD32F30x_standard_peripheral/Source/gd32f30x_fwdgt.c **** INDIRECT, INCIDENTAL, SPECIAL, EXEMPLARY, OR CONSEQUENTIAL DAMAGES (INCLUDING, BUT 
ARM GAS  C:\Users\Prog\AppData\Local\Temp\cclg6MT9.s 			page 2


  31:Drivers/GD32F30x_standard_peripheral/Source/gd32f30x_fwdgt.c **** NOT LIMITED TO, PROCUREMENT OF SUBSTITUTE GOODS OR SERVICES; LOSS OF USE, DATA, OR 
  32:Drivers/GD32F30x_standard_peripheral/Source/gd32f30x_fwdgt.c **** PROFITS; OR BUSINESS INTERRUPTION) HOWEVER CAUSED AND ON ANY THEORY OF LIABILITY, 
  33:Drivers/GD32F30x_standard_peripheral/Source/gd32f30x_fwdgt.c **** WHETHER IN CONTRACT, STRICT LIABILITY, OR TORT (INCLUDING NEGLIGENCE OR OTHERWISE) 
  34:Drivers/GD32F30x_standard_peripheral/Source/gd32f30x_fwdgt.c **** ARISING IN ANY WAY OUT OF THE USE OF THIS SOFTWARE, EVEN IF ADVISED OF THE POSSIBILITY 
  35:Drivers/GD32F30x_standard_peripheral/Source/gd32f30x_fwdgt.c **** OF SUCH DAMAGE.
  36:Drivers/GD32F30x_standard_peripheral/Source/gd32f30x_fwdgt.c **** */
  37:Drivers/GD32F30x_standard_peripheral/Source/gd32f30x_fwdgt.c **** 
  38:Drivers/GD32F30x_standard_peripheral/Source/gd32f30x_fwdgt.c **** #include "gd32f30x_fwdgt.h"
  39:Drivers/GD32F30x_standard_peripheral/Source/gd32f30x_fwdgt.c **** 
  40:Drivers/GD32F30x_standard_peripheral/Source/gd32f30x_fwdgt.c **** /* write value to FWDGT_CTL_CMD bit field */
  41:Drivers/GD32F30x_standard_peripheral/Source/gd32f30x_fwdgt.c **** #define CTL_CMD(regval)             (BITS(0,15) & ((uint32_t)(regval) << 0))
  42:Drivers/GD32F30x_standard_peripheral/Source/gd32f30x_fwdgt.c **** /* write value to FWDGT_RLD_RLD bit field */
  43:Drivers/GD32F30x_standard_peripheral/Source/gd32f30x_fwdgt.c **** #define RLD_RLD(regval)             (BITS(0,11) & ((uint32_t)(regval) << 0))
  44:Drivers/GD32F30x_standard_peripheral/Source/gd32f30x_fwdgt.c **** 
  45:Drivers/GD32F30x_standard_peripheral/Source/gd32f30x_fwdgt.c **** /*!
  46:Drivers/GD32F30x_standard_peripheral/Source/gd32f30x_fwdgt.c ****     \brief      enable write access to FWDGT_PSC and FWDGT_RLD
  47:Drivers/GD32F30x_standard_peripheral/Source/gd32f30x_fwdgt.c ****     \param[in]  none
  48:Drivers/GD32F30x_standard_peripheral/Source/gd32f30x_fwdgt.c ****     \param[out] none
  49:Drivers/GD32F30x_standard_peripheral/Source/gd32f30x_fwdgt.c ****     \retval     none
  50:Drivers/GD32F30x_standard_peripheral/Source/gd32f30x_fwdgt.c **** */
  51:Drivers/GD32F30x_standard_peripheral/Source/gd32f30x_fwdgt.c **** void fwdgt_write_enable(void)
  52:Drivers/GD32F30x_standard_peripheral/Source/gd32f30x_fwdgt.c **** {
  29              		.loc 1 52 1 view -0
  30              		.cfi_startproc
  31              		@ args = 0, pretend = 0, frame = 0
  32              		@ frame_needed = 0, uses_anonymous_args = 0
  33              		@ link register save eliminated.
  53:Drivers/GD32F30x_standard_peripheral/Source/gd32f30x_fwdgt.c ****     FWDGT_CTL = FWDGT_WRITEACCESS_ENABLE;
  34              		.loc 1 53 5 view .LVU1
  35              		.loc 1 53 15 is_stmt 0 view .LVU2
  36 0000 024B     		ldr	r3, .L2
  37 0002 45F25552 		movw	r2, #21845
  38 0006 1A60     		str	r2, [r3]
  54:Drivers/GD32F30x_standard_peripheral/Source/gd32f30x_fwdgt.c **** }
  39              		.loc 1 54 1 view .LVU3
  40 0008 7047     		bx	lr
  41              	.L3:
  42 000a 00BF     		.align	2
  43              	.L2:
  44 000c 00300040 		.word	1073754112
  45              		.cfi_endproc
  46              	.LFE116:
  48              		.section	.text.fwdgt_write_disable,"ax",%progbits
  49              		.align	1
  50              		.global	fwdgt_write_disable
  51              		.syntax unified
  52              		.thumb
  53              		.thumb_func
  54              		.fpu fpv4-sp-d16
  56              	fwdgt_write_disable:
  57              	.LFB117:
  55:Drivers/GD32F30x_standard_peripheral/Source/gd32f30x_fwdgt.c **** 
  56:Drivers/GD32F30x_standard_peripheral/Source/gd32f30x_fwdgt.c **** /*!
  57:Drivers/GD32F30x_standard_peripheral/Source/gd32f30x_fwdgt.c ****     \brief      disable write access to FWDGT_PSC and FWDGT_RLD
  58:Drivers/GD32F30x_standard_peripheral/Source/gd32f30x_fwdgt.c ****     \param[in]  none
  59:Drivers/GD32F30x_standard_peripheral/Source/gd32f30x_fwdgt.c ****     \param[out] none
  60:Drivers/GD32F30x_standard_peripheral/Source/gd32f30x_fwdgt.c ****     \retval     none
ARM GAS  C:\Users\Prog\AppData\Local\Temp\cclg6MT9.s 			page 3


  61:Drivers/GD32F30x_standard_peripheral/Source/gd32f30x_fwdgt.c **** */
  62:Drivers/GD32F30x_standard_peripheral/Source/gd32f30x_fwdgt.c **** void fwdgt_write_disable(void)
  63:Drivers/GD32F30x_standard_peripheral/Source/gd32f30x_fwdgt.c **** {
  58              		.loc 1 63 1 is_stmt 1 view -0
  59              		.cfi_startproc
  60              		@ args = 0, pretend = 0, frame = 0
  61              		@ frame_needed = 0, uses_anonymous_args = 0
  62              		@ link register save eliminated.
  64:Drivers/GD32F30x_standard_peripheral/Source/gd32f30x_fwdgt.c ****     FWDGT_CTL = FWDGT_WRITEACCESS_DISABLE;
  63              		.loc 1 64 5 view .LVU5
  64              		.loc 1 64 15 is_stmt 0 view .LVU6
  65 0000 014B     		ldr	r3, .L5
  66 0002 0022     		movs	r2, #0
  67 0004 1A60     		str	r2, [r3]
  65:Drivers/GD32F30x_standard_peripheral/Source/gd32f30x_fwdgt.c **** }
  68              		.loc 1 65 1 view .LVU7
  69 0006 7047     		bx	lr
  70              	.L6:
  71              		.align	2
  72              	.L5:
  73 0008 00300040 		.word	1073754112
  74              		.cfi_endproc
  75              	.LFE117:
  77              		.section	.text.fwdgt_enable,"ax",%progbits
  78              		.align	1
  79              		.global	fwdgt_enable
  80              		.syntax unified
  81              		.thumb
  82              		.thumb_func
  83              		.fpu fpv4-sp-d16
  85              	fwdgt_enable:
  86              	.LFB118:
  66:Drivers/GD32F30x_standard_peripheral/Source/gd32f30x_fwdgt.c **** 
  67:Drivers/GD32F30x_standard_peripheral/Source/gd32f30x_fwdgt.c **** /*!
  68:Drivers/GD32F30x_standard_peripheral/Source/gd32f30x_fwdgt.c ****     \brief      start the free watchdog timer counter
  69:Drivers/GD32F30x_standard_peripheral/Source/gd32f30x_fwdgt.c ****     \param[in]  none
  70:Drivers/GD32F30x_standard_peripheral/Source/gd32f30x_fwdgt.c ****     \param[out] none
  71:Drivers/GD32F30x_standard_peripheral/Source/gd32f30x_fwdgt.c ****     \retval     none
  72:Drivers/GD32F30x_standard_peripheral/Source/gd32f30x_fwdgt.c **** */
  73:Drivers/GD32F30x_standard_peripheral/Source/gd32f30x_fwdgt.c **** void fwdgt_enable(void)
  74:Drivers/GD32F30x_standard_peripheral/Source/gd32f30x_fwdgt.c **** {
  87              		.loc 1 74 1 is_stmt 1 view -0
  88              		.cfi_startproc
  89              		@ args = 0, pretend = 0, frame = 0
  90              		@ frame_needed = 0, uses_anonymous_args = 0
  91              		@ link register save eliminated.
  75:Drivers/GD32F30x_standard_peripheral/Source/gd32f30x_fwdgt.c ****     FWDGT_CTL = FWDGT_KEY_ENABLE;
  92              		.loc 1 75 5 view .LVU9
  93              		.loc 1 75 15 is_stmt 0 view .LVU10
  94 0000 024B     		ldr	r3, .L8
  95 0002 4CF6CC42 		movw	r2, #52428
  96 0006 1A60     		str	r2, [r3]
  76:Drivers/GD32F30x_standard_peripheral/Source/gd32f30x_fwdgt.c **** }
  97              		.loc 1 76 1 view .LVU11
  98 0008 7047     		bx	lr
  99              	.L9:
 100 000a 00BF     		.align	2
ARM GAS  C:\Users\Prog\AppData\Local\Temp\cclg6MT9.s 			page 4


 101              	.L8:
 102 000c 00300040 		.word	1073754112
 103              		.cfi_endproc
 104              	.LFE118:
 106              		.section	.text.fwdgt_counter_reload,"ax",%progbits
 107              		.align	1
 108              		.global	fwdgt_counter_reload
 109              		.syntax unified
 110              		.thumb
 111              		.thumb_func
 112              		.fpu fpv4-sp-d16
 114              	fwdgt_counter_reload:
 115              	.LFB119:
  77:Drivers/GD32F30x_standard_peripheral/Source/gd32f30x_fwdgt.c **** 
  78:Drivers/GD32F30x_standard_peripheral/Source/gd32f30x_fwdgt.c **** /*!
  79:Drivers/GD32F30x_standard_peripheral/Source/gd32f30x_fwdgt.c ****     \brief      reload the counter of FWDGT
  80:Drivers/GD32F30x_standard_peripheral/Source/gd32f30x_fwdgt.c ****     \param[in]  none
  81:Drivers/GD32F30x_standard_peripheral/Source/gd32f30x_fwdgt.c ****     \param[out] none
  82:Drivers/GD32F30x_standard_peripheral/Source/gd32f30x_fwdgt.c ****     \retval     none
  83:Drivers/GD32F30x_standard_peripheral/Source/gd32f30x_fwdgt.c **** */
  84:Drivers/GD32F30x_standard_peripheral/Source/gd32f30x_fwdgt.c **** void fwdgt_counter_reload(void)
  85:Drivers/GD32F30x_standard_peripheral/Source/gd32f30x_fwdgt.c **** {
 116              		.loc 1 85 1 is_stmt 1 view -0
 117              		.cfi_startproc
 118              		@ args = 0, pretend = 0, frame = 0
 119              		@ frame_needed = 0, uses_anonymous_args = 0
 120              		@ link register save eliminated.
  86:Drivers/GD32F30x_standard_peripheral/Source/gd32f30x_fwdgt.c ****     FWDGT_CTL = FWDGT_KEY_RELOAD;
 121              		.loc 1 86 5 view .LVU13
 122              		.loc 1 86 15 is_stmt 0 view .LVU14
 123 0000 024B     		ldr	r3, .L11
 124 0002 4AF6AA22 		movw	r2, #43690
 125 0006 1A60     		str	r2, [r3]
  87:Drivers/GD32F30x_standard_peripheral/Source/gd32f30x_fwdgt.c **** }
 126              		.loc 1 87 1 view .LVU15
 127 0008 7047     		bx	lr
 128              	.L12:
 129 000a 00BF     		.align	2
 130              	.L11:
 131 000c 00300040 		.word	1073754112
 132              		.cfi_endproc
 133              	.LFE119:
 135              		.section	.text.fwdgt_config,"ax",%progbits
 136              		.align	1
 137              		.global	fwdgt_config
 138              		.syntax unified
 139              		.thumb
 140              		.thumb_func
 141              		.fpu fpv4-sp-d16
 143              	fwdgt_config:
 144              	.LVL0:
 145              	.LFB120:
  88:Drivers/GD32F30x_standard_peripheral/Source/gd32f30x_fwdgt.c **** 
  89:Drivers/GD32F30x_standard_peripheral/Source/gd32f30x_fwdgt.c **** /*!
  90:Drivers/GD32F30x_standard_peripheral/Source/gd32f30x_fwdgt.c ****     \brief      configure counter reload value, and prescaler divider value
  91:Drivers/GD32F30x_standard_peripheral/Source/gd32f30x_fwdgt.c ****     \param[in]  reload_value: specify reload value(0x0000 - 0x0FFF)
  92:Drivers/GD32F30x_standard_peripheral/Source/gd32f30x_fwdgt.c ****     \param[in]  prescaler_div: FWDGT prescaler value
ARM GAS  C:\Users\Prog\AppData\Local\Temp\cclg6MT9.s 			page 5


  93:Drivers/GD32F30x_standard_peripheral/Source/gd32f30x_fwdgt.c ****                 only one parameter can be selected which is shown as below:
  94:Drivers/GD32F30x_standard_peripheral/Source/gd32f30x_fwdgt.c ****       \arg        FWDGT_PSC_DIV4: FWDGT prescaler set to 4
  95:Drivers/GD32F30x_standard_peripheral/Source/gd32f30x_fwdgt.c ****       \arg        FWDGT_PSC_DIV8: FWDGT prescaler set to 8
  96:Drivers/GD32F30x_standard_peripheral/Source/gd32f30x_fwdgt.c ****       \arg        FWDGT_PSC_DIV16: FWDGT prescaler set to 16
  97:Drivers/GD32F30x_standard_peripheral/Source/gd32f30x_fwdgt.c ****       \arg        FWDGT_PSC_DIV32: FWDGT prescaler set to 32
  98:Drivers/GD32F30x_standard_peripheral/Source/gd32f30x_fwdgt.c ****       \arg        FWDGT_PSC_DIV64: FWDGT prescaler set to 64
  99:Drivers/GD32F30x_standard_peripheral/Source/gd32f30x_fwdgt.c ****       \arg        FWDGT_PSC_DIV128: FWDGT prescaler set to 128
 100:Drivers/GD32F30x_standard_peripheral/Source/gd32f30x_fwdgt.c ****       \arg        FWDGT_PSC_DIV256: FWDGT prescaler set to 256
 101:Drivers/GD32F30x_standard_peripheral/Source/gd32f30x_fwdgt.c ****     \param[out] none
 102:Drivers/GD32F30x_standard_peripheral/Source/gd32f30x_fwdgt.c ****     \retval     ErrStatus: ERROR or SUCCESS
 103:Drivers/GD32F30x_standard_peripheral/Source/gd32f30x_fwdgt.c **** */
 104:Drivers/GD32F30x_standard_peripheral/Source/gd32f30x_fwdgt.c **** ErrStatus fwdgt_config(uint16_t reload_value, uint8_t prescaler_div)
 105:Drivers/GD32F30x_standard_peripheral/Source/gd32f30x_fwdgt.c **** {
 146              		.loc 1 105 1 is_stmt 1 view -0
 147              		.cfi_startproc
 148              		@ args = 0, pretend = 0, frame = 0
 149              		@ frame_needed = 0, uses_anonymous_args = 0
 150              		@ link register save eliminated.
 106:Drivers/GD32F30x_standard_peripheral/Source/gd32f30x_fwdgt.c ****     uint32_t timeout = FWDGT_PSC_TIMEOUT;
 151              		.loc 1 106 5 view .LVU17
 107:Drivers/GD32F30x_standard_peripheral/Source/gd32f30x_fwdgt.c ****     uint32_t flag_status = RESET;
 152              		.loc 1 107 5 view .LVU18
 108:Drivers/GD32F30x_standard_peripheral/Source/gd32f30x_fwdgt.c ****   
 109:Drivers/GD32F30x_standard_peripheral/Source/gd32f30x_fwdgt.c ****     /* enable write access to FWDGT_PSC,and FWDGT_RLD */
 110:Drivers/GD32F30x_standard_peripheral/Source/gd32f30x_fwdgt.c ****     FWDGT_CTL = FWDGT_WRITEACCESS_ENABLE;
 153              		.loc 1 110 5 view .LVU19
 154              		.loc 1 110 15 is_stmt 0 view .LVU20
 155 0000 134A     		ldr	r2, .L21
 156 0002 45F25553 		movw	r3, #21845
 157 0006 1360     		str	r3, [r2]
 106:Drivers/GD32F30x_standard_peripheral/Source/gd32f30x_fwdgt.c ****     uint32_t flag_status = RESET;
 158              		.loc 1 106 14 view .LVU21
 159 0008 124A     		ldr	r2, .L21+4
 160              	.LVL1:
 161              	.L15:
 111:Drivers/GD32F30x_standard_peripheral/Source/gd32f30x_fwdgt.c ****   
 112:Drivers/GD32F30x_standard_peripheral/Source/gd32f30x_fwdgt.c ****     /* wait until the PUD flag to be reset */
 113:Drivers/GD32F30x_standard_peripheral/Source/gd32f30x_fwdgt.c ****     do{
 162              		.loc 1 113 5 is_stmt 1 discriminator 2 view .LVU22
 114:Drivers/GD32F30x_standard_peripheral/Source/gd32f30x_fwdgt.c ****        flag_status = FWDGT_STAT & FWDGT_STAT_PUD;
 163              		.loc 1 114 8 discriminator 2 view .LVU23
 164              		.loc 1 114 22 is_stmt 0 discriminator 2 view .LVU24
 165 000a 114B     		ldr	r3, .L21
 166 000c DB68     		ldr	r3, [r3, #12]
 167              		.loc 1 114 20 discriminator 2 view .LVU25
 168 000e 03F00103 		and	r3, r3, #1
 169              	.LVL2:
 115:Drivers/GD32F30x_standard_peripheral/Source/gd32f30x_fwdgt.c ****     }while((--timeout > 0U) && ((uint32_t)RESET != flag_status));
 170              		.loc 1 115 11 is_stmt 1 discriminator 2 view .LVU26
 171              		.loc 1 115 5 is_stmt 0 discriminator 2 view .LVU27
 172 0012 013A     		subs	r2, r2, #1
 173              	.LVL3:
 174              		.loc 1 115 5 discriminator 2 view .LVU28
 175 0014 01D0     		beq	.L14
 176              		.loc 1 115 29 discriminator 1 view .LVU29
 177 0016 002B     		cmp	r3, #0
 178 0018 F7D1     		bne	.L15
ARM GAS  C:\Users\Prog\AppData\Local\Temp\cclg6MT9.s 			page 6


 179              	.L14:
 116:Drivers/GD32F30x_standard_peripheral/Source/gd32f30x_fwdgt.c ****     
 117:Drivers/GD32F30x_standard_peripheral/Source/gd32f30x_fwdgt.c ****     if ((uint32_t)RESET != flag_status){
 180              		.loc 1 117 5 is_stmt 1 view .LVU30
 181              		.loc 1 117 8 is_stmt 0 view .LVU31
 182 001a A3B9     		cbnz	r3, .L19
 118:Drivers/GD32F30x_standard_peripheral/Source/gd32f30x_fwdgt.c ****         return ERROR;
 119:Drivers/GD32F30x_standard_peripheral/Source/gd32f30x_fwdgt.c ****     }
 120:Drivers/GD32F30x_standard_peripheral/Source/gd32f30x_fwdgt.c **** 
 121:Drivers/GD32F30x_standard_peripheral/Source/gd32f30x_fwdgt.c ****     /* configure FWDGT */
 122:Drivers/GD32F30x_standard_peripheral/Source/gd32f30x_fwdgt.c ****     FWDGT_PSC = (uint32_t)prescaler_div;
 183              		.loc 1 122 5 is_stmt 1 view .LVU32
 184              		.loc 1 122 15 is_stmt 0 view .LVU33
 185 001c 0C4B     		ldr	r3, .L21
 186              	.LVL4:
 187              		.loc 1 122 15 view .LVU34
 188 001e 5960     		str	r1, [r3, #4]
 123:Drivers/GD32F30x_standard_peripheral/Source/gd32f30x_fwdgt.c **** 
 124:Drivers/GD32F30x_standard_peripheral/Source/gd32f30x_fwdgt.c ****     timeout = FWDGT_RLD_TIMEOUT;
 189              		.loc 1 124 5 is_stmt 1 view .LVU35
 190              	.LVL5:
 191              		.loc 1 124 13 is_stmt 0 view .LVU36
 192 0020 0C4A     		ldr	r2, .L21+4
 193              	.LVL6:
 194              	.L18:
 125:Drivers/GD32F30x_standard_peripheral/Source/gd32f30x_fwdgt.c ****     /* wait until the RUD flag to be reset */
 126:Drivers/GD32F30x_standard_peripheral/Source/gd32f30x_fwdgt.c ****     do{
 195              		.loc 1 126 5 is_stmt 1 discriminator 2 view .LVU37
 127:Drivers/GD32F30x_standard_peripheral/Source/gd32f30x_fwdgt.c ****        flag_status = FWDGT_STAT & FWDGT_STAT_RUD;
 196              		.loc 1 127 8 discriminator 2 view .LVU38
 197              		.loc 1 127 22 is_stmt 0 discriminator 2 view .LVU39
 198 0022 0B4B     		ldr	r3, .L21
 199 0024 DB68     		ldr	r3, [r3, #12]
 200              		.loc 1 127 20 discriminator 2 view .LVU40
 201 0026 03F00203 		and	r3, r3, #2
 202              	.LVL7:
 128:Drivers/GD32F30x_standard_peripheral/Source/gd32f30x_fwdgt.c ****     }while((--timeout > 0U) && ((uint32_t)RESET != flag_status));
 203              		.loc 1 128 11 is_stmt 1 discriminator 2 view .LVU41
 204              		.loc 1 128 5 is_stmt 0 discriminator 2 view .LVU42
 205 002a 013A     		subs	r2, r2, #1
 206              	.LVL8:
 207              		.loc 1 128 5 discriminator 2 view .LVU43
 208 002c 01D0     		beq	.L17
 209              		.loc 1 128 29 discriminator 1 view .LVU44
 210 002e 002B     		cmp	r3, #0
 211 0030 F7D1     		bne	.L18
 212              	.L17:
 129:Drivers/GD32F30x_standard_peripheral/Source/gd32f30x_fwdgt.c ****    
 130:Drivers/GD32F30x_standard_peripheral/Source/gd32f30x_fwdgt.c ****     if ((uint32_t)RESET != flag_status){
 213              		.loc 1 130 5 is_stmt 1 view .LVU45
 214              		.loc 1 130 8 is_stmt 0 view .LVU46
 215 0032 53B9     		cbnz	r3, .L20
 131:Drivers/GD32F30x_standard_peripheral/Source/gd32f30x_fwdgt.c ****         return ERROR;
 132:Drivers/GD32F30x_standard_peripheral/Source/gd32f30x_fwdgt.c ****     }
 133:Drivers/GD32F30x_standard_peripheral/Source/gd32f30x_fwdgt.c ****     
 134:Drivers/GD32F30x_standard_peripheral/Source/gd32f30x_fwdgt.c ****     FWDGT_RLD = RLD_RLD(reload_value);
 216              		.loc 1 134 5 is_stmt 1 view .LVU47
ARM GAS  C:\Users\Prog\AppData\Local\Temp\cclg6MT9.s 			page 7


 217              		.loc 1 134 17 is_stmt 0 view .LVU48
 218 0034 C0F30B00 		ubfx	r0, r0, #0, #12
 219              	.LVL9:
 220              		.loc 1 134 15 view .LVU49
 221 0038 054A     		ldr	r2, .L21
 222              	.LVL10:
 223              		.loc 1 134 15 view .LVU50
 224 003a 9060     		str	r0, [r2, #8]
 135:Drivers/GD32F30x_standard_peripheral/Source/gd32f30x_fwdgt.c ****     
 136:Drivers/GD32F30x_standard_peripheral/Source/gd32f30x_fwdgt.c ****     /* reload the counter */
 137:Drivers/GD32F30x_standard_peripheral/Source/gd32f30x_fwdgt.c ****     FWDGT_CTL = FWDGT_KEY_RELOAD;
 225              		.loc 1 137 5 is_stmt 1 view .LVU51
 226              		.loc 1 137 15 is_stmt 0 view .LVU52
 227 003c 4AF6AA23 		movw	r3, #43690
 228              	.LVL11:
 229              		.loc 1 137 15 view .LVU53
 230 0040 1360     		str	r3, [r2]
 138:Drivers/GD32F30x_standard_peripheral/Source/gd32f30x_fwdgt.c **** 
 139:Drivers/GD32F30x_standard_peripheral/Source/gd32f30x_fwdgt.c ****     return SUCCESS;
 231              		.loc 1 139 5 is_stmt 1 view .LVU54
 232              		.loc 1 139 12 is_stmt 0 view .LVU55
 233 0042 0120     		movs	r0, #1
 234 0044 7047     		bx	lr
 235              	.LVL12:
 236              	.L19:
 118:Drivers/GD32F30x_standard_peripheral/Source/gd32f30x_fwdgt.c ****     }
 237              		.loc 1 118 16 view .LVU56
 238 0046 0020     		movs	r0, #0
 239              	.LVL13:
 118:Drivers/GD32F30x_standard_peripheral/Source/gd32f30x_fwdgt.c ****     }
 240              		.loc 1 118 16 view .LVU57
 241 0048 7047     		bx	lr
 242              	.LVL14:
 243              	.L20:
 131:Drivers/GD32F30x_standard_peripheral/Source/gd32f30x_fwdgt.c ****     }
 244              		.loc 1 131 16 view .LVU58
 245 004a 0020     		movs	r0, #0
 246              	.LVL15:
 140:Drivers/GD32F30x_standard_peripheral/Source/gd32f30x_fwdgt.c **** }
 247              		.loc 1 140 1 view .LVU59
 248 004c 7047     		bx	lr
 249              	.L22:
 250 004e 00BF     		.align	2
 251              	.L21:
 252 0050 00300040 		.word	1073754112
 253 0054 FFFF0F00 		.word	1048575
 254              		.cfi_endproc
 255              	.LFE120:
 257              		.section	.text.fwdgt_flag_get,"ax",%progbits
 258              		.align	1
 259              		.global	fwdgt_flag_get
 260              		.syntax unified
 261              		.thumb
 262              		.thumb_func
 263              		.fpu fpv4-sp-d16
 265              	fwdgt_flag_get:
 266              	.LVL16:
ARM GAS  C:\Users\Prog\AppData\Local\Temp\cclg6MT9.s 			page 8


 267              	.LFB121:
 141:Drivers/GD32F30x_standard_peripheral/Source/gd32f30x_fwdgt.c **** 
 142:Drivers/GD32F30x_standard_peripheral/Source/gd32f30x_fwdgt.c **** /*!
 143:Drivers/GD32F30x_standard_peripheral/Source/gd32f30x_fwdgt.c ****     \brief      get flag state of FWDGT
 144:Drivers/GD32F30x_standard_peripheral/Source/gd32f30x_fwdgt.c ****     \param[in]  flag: flag to get
 145:Drivers/GD32F30x_standard_peripheral/Source/gd32f30x_fwdgt.c ****                 only one parameter can be selected which is shown as below:
 146:Drivers/GD32F30x_standard_peripheral/Source/gd32f30x_fwdgt.c ****       \arg        FWDGT_FLAG_PUD: a write operation to FWDGT_PSC register is on going
 147:Drivers/GD32F30x_standard_peripheral/Source/gd32f30x_fwdgt.c ****       \arg        FWDGT_FLAG_RUD: a write operation to FWDGT_RLD register is on going
 148:Drivers/GD32F30x_standard_peripheral/Source/gd32f30x_fwdgt.c ****     \param[out] none
 149:Drivers/GD32F30x_standard_peripheral/Source/gd32f30x_fwdgt.c ****     \retval     FlagStatus: SET or RESET
 150:Drivers/GD32F30x_standard_peripheral/Source/gd32f30x_fwdgt.c **** */
 151:Drivers/GD32F30x_standard_peripheral/Source/gd32f30x_fwdgt.c **** FlagStatus fwdgt_flag_get(uint16_t flag)
 152:Drivers/GD32F30x_standard_peripheral/Source/gd32f30x_fwdgt.c **** {
 268              		.loc 1 152 1 is_stmt 1 view -0
 269              		.cfi_startproc
 270              		@ args = 0, pretend = 0, frame = 0
 271              		@ frame_needed = 0, uses_anonymous_args = 0
 272              		@ link register save eliminated.
 153:Drivers/GD32F30x_standard_peripheral/Source/gd32f30x_fwdgt.c ****   if(RESET != (FWDGT_STAT & flag)){
 273              		.loc 1 153 3 view .LVU61
 274              		.loc 1 153 16 is_stmt 0 view .LVU62
 275 0000 034B     		ldr	r3, .L26
 276 0002 DB68     		ldr	r3, [r3, #12]
 277              		.loc 1 153 5 view .LVU63
 278 0004 1842     		tst	r0, r3
 279 0006 01D1     		bne	.L25
 154:Drivers/GD32F30x_standard_peripheral/Source/gd32f30x_fwdgt.c ****         return SET;
 155:Drivers/GD32F30x_standard_peripheral/Source/gd32f30x_fwdgt.c ****   }
 156:Drivers/GD32F30x_standard_peripheral/Source/gd32f30x_fwdgt.c **** 
 157:Drivers/GD32F30x_standard_peripheral/Source/gd32f30x_fwdgt.c ****     return RESET;
 280              		.loc 1 157 12 view .LVU64
 281 0008 0020     		movs	r0, #0
 282              	.LVL17:
 283              		.loc 1 157 12 view .LVU65
 284 000a 7047     		bx	lr
 285              	.LVL18:
 286              	.L25:
 154:Drivers/GD32F30x_standard_peripheral/Source/gd32f30x_fwdgt.c ****         return SET;
 287              		.loc 1 154 16 view .LVU66
 288 000c 0120     		movs	r0, #1
 289              	.LVL19:
 158:Drivers/GD32F30x_standard_peripheral/Source/gd32f30x_fwdgt.c **** }
 290              		.loc 1 158 1 view .LVU67
 291 000e 7047     		bx	lr
 292              	.L27:
 293              		.align	2
 294              	.L26:
 295 0010 00300040 		.word	1073754112
 296              		.cfi_endproc
 297              	.LFE121:
 299              		.text
 300              	.Letext0:
 301              		.file 2 "c:\\programdata\\chocolatey\\lib\\gcc-arm-embedded\\tools\\gcc-arm-none-eabi-10-2020-q4-m
 302              		.file 3 "c:\\programdata\\chocolatey\\lib\\gcc-arm-embedded\\tools\\gcc-arm-none-eabi-10-2020-q4-m
 303              		.file 4 "Drivers/CMSIS/GD/GD32F30x/Include/gd32f30x.h"
ARM GAS  C:\Users\Prog\AppData\Local\Temp\cclg6MT9.s 			page 9


DEFINED SYMBOLS
                            *ABS*:00000000 gd32f30x_fwdgt.c
C:\Users\Prog\AppData\Local\Temp\cclg6MT9.s:18     .text.fwdgt_write_enable:00000000 $t
C:\Users\Prog\AppData\Local\Temp\cclg6MT9.s:26     .text.fwdgt_write_enable:00000000 fwdgt_write_enable
C:\Users\Prog\AppData\Local\Temp\cclg6MT9.s:44     .text.fwdgt_write_enable:0000000c $d
C:\Users\Prog\AppData\Local\Temp\cclg6MT9.s:49     .text.fwdgt_write_disable:00000000 $t
C:\Users\Prog\AppData\Local\Temp\cclg6MT9.s:56     .text.fwdgt_write_disable:00000000 fwdgt_write_disable
C:\Users\Prog\AppData\Local\Temp\cclg6MT9.s:73     .text.fwdgt_write_disable:00000008 $d
C:\Users\Prog\AppData\Local\Temp\cclg6MT9.s:78     .text.fwdgt_enable:00000000 $t
C:\Users\Prog\AppData\Local\Temp\cclg6MT9.s:85     .text.fwdgt_enable:00000000 fwdgt_enable
C:\Users\Prog\AppData\Local\Temp\cclg6MT9.s:102    .text.fwdgt_enable:0000000c $d
C:\Users\Prog\AppData\Local\Temp\cclg6MT9.s:107    .text.fwdgt_counter_reload:00000000 $t
C:\Users\Prog\AppData\Local\Temp\cclg6MT9.s:114    .text.fwdgt_counter_reload:00000000 fwdgt_counter_reload
C:\Users\Prog\AppData\Local\Temp\cclg6MT9.s:131    .text.fwdgt_counter_reload:0000000c $d
C:\Users\Prog\AppData\Local\Temp\cclg6MT9.s:136    .text.fwdgt_config:00000000 $t
C:\Users\Prog\AppData\Local\Temp\cclg6MT9.s:143    .text.fwdgt_config:00000000 fwdgt_config
C:\Users\Prog\AppData\Local\Temp\cclg6MT9.s:252    .text.fwdgt_config:00000050 $d
C:\Users\Prog\AppData\Local\Temp\cclg6MT9.s:258    .text.fwdgt_flag_get:00000000 $t
C:\Users\Prog\AppData\Local\Temp\cclg6MT9.s:265    .text.fwdgt_flag_get:00000000 fwdgt_flag_get
C:\Users\Prog\AppData\Local\Temp\cclg6MT9.s:295    .text.fwdgt_flag_get:00000010 $d

NO UNDEFINED SYMBOLS
