ARM GAS  C:\Users\Prog\AppData\Local\Temp\ccTDEI5j.s 			page 1


   1              		.cpu cortex-m4
   2              		.eabi_attribute 27, 1
   3              		.eabi_attribute 28, 1
   4              		.eabi_attribute 20, 1
   5              		.eabi_attribute 21, 1
   6              		.eabi_attribute 23, 3
   7              		.eabi_attribute 24, 1
   8              		.eabi_attribute 25, 1
   9              		.eabi_attribute 26, 1
  10              		.eabi_attribute 30, 1
  11              		.eabi_attribute 34, 1
  12              		.eabi_attribute 18, 4
  13              		.file	"gd32f30x_it.c"
  14              		.text
  15              	.Ltext0:
  16              		.cfi_sections	.debug_frame
  17              		.section	.text.NMI_Handler,"ax",%progbits
  18              		.align	1
  19              		.global	NMI_Handler
  20              		.arch armv7e-m
  21              		.syntax unified
  22              		.thumb
  23              		.thumb_func
  24              		.fpu fpv4-sp-d16
  26              	NMI_Handler:
  27              	.LFB116:
  28              		.file 1 "Src/gd32f30x_it.c"
   1:Src/gd32f30x_it.c **** /*!
   2:Src/gd32f30x_it.c ****     \file    gd32f30x_it.c
   3:Src/gd32f30x_it.c ****     \brief   interrupt service routines
   4:Src/gd32f30x_it.c **** 
   5:Src/gd32f30x_it.c ****     \version 2017-02-10, V1.0.0, firmware for GD32F30x
   6:Src/gd32f30x_it.c ****     \version 2018-10-10, V1.1.0, firmware for GD32F30x
   7:Src/gd32f30x_it.c ****     \version 2018-12-25, V2.0.0, firmware for GD32F30x
   8:Src/gd32f30x_it.c ****     \version 2020-09-30, V2.1.0, firmware for GD32F30x
   9:Src/gd32f30x_it.c **** */
  10:Src/gd32f30x_it.c **** 
  11:Src/gd32f30x_it.c **** /*
  12:Src/gd32f30x_it.c ****     Copyright (c) 2020, GigaDevice Semiconductor Inc.
  13:Src/gd32f30x_it.c **** 
  14:Src/gd32f30x_it.c ****     Redistribution and use in source and binary forms, with or without modification, 
  15:Src/gd32f30x_it.c **** are permitted provided that the following conditions are met:
  16:Src/gd32f30x_it.c **** 
  17:Src/gd32f30x_it.c ****     1. Redistributions of source code must retain the above copyright notice, this 
  18:Src/gd32f30x_it.c ****        list of conditions and the following disclaimer.
  19:Src/gd32f30x_it.c ****     2. Redistributions in binary form must reproduce the above copyright notice, 
  20:Src/gd32f30x_it.c ****        this list of conditions and the following disclaimer in the documentation 
  21:Src/gd32f30x_it.c ****        and/or other materials provided with the distribution.
  22:Src/gd32f30x_it.c ****     3. Neither the name of the copyright holder nor the names of its contributors 
  23:Src/gd32f30x_it.c ****        may be used to endorse or promote products derived from this software without 
  24:Src/gd32f30x_it.c ****        specific prior written permission.
  25:Src/gd32f30x_it.c **** 
  26:Src/gd32f30x_it.c ****     THIS SOFTWARE IS PROVIDED BY THE COPYRIGHT HOLDERS AND CONTRIBUTORS "AS IS" 
  27:Src/gd32f30x_it.c **** AND ANY EXPRESS OR IMPLIED WARRANTIES, INCLUDING, BUT NOT LIMITED TO, THE IMPLIED 
  28:Src/gd32f30x_it.c **** WARRANTIES OF MERCHANTABILITY AND FITNESS FOR A PARTICULAR PURPOSE ARE DISCLAIMED. 
  29:Src/gd32f30x_it.c **** IN NO EVENT SHALL THE COPYRIGHT HOLDER OR CONTRIBUTORS BE LIABLE FOR ANY DIRECT, 
  30:Src/gd32f30x_it.c **** INDIRECT, INCIDENTAL, SPECIAL, EXEMPLARY, OR CONSEQUENTIAL DAMAGES (INCLUDING, BUT 
ARM GAS  C:\Users\Prog\AppData\Local\Temp\ccTDEI5j.s 			page 2


  31:Src/gd32f30x_it.c **** NOT LIMITED TO, PROCUREMENT OF SUBSTITUTE GOODS OR SERVICES; LOSS OF USE, DATA, OR 
  32:Src/gd32f30x_it.c **** PROFITS; OR BUSINESS INTERRUPTION) HOWEVER CAUSED AND ON ANY THEORY OF LIABILITY, 
  33:Src/gd32f30x_it.c **** WHETHER IN CONTRACT, STRICT LIABILITY, OR TORT (INCLUDING NEGLIGENCE OR OTHERWISE) 
  34:Src/gd32f30x_it.c **** ARISING IN ANY WAY OUT OF THE USE OF THIS SOFTWARE, EVEN IF ADVISED OF THE POSSIBILITY 
  35:Src/gd32f30x_it.c **** OF SUCH DAMAGE.
  36:Src/gd32f30x_it.c **** */
  37:Src/gd32f30x_it.c **** 
  38:Src/gd32f30x_it.c **** #include "gd32f30x_it.h"
  39:Src/gd32f30x_it.c **** #include "main.h"
  40:Src/gd32f30x_it.c **** #include "systick.h"
  41:Src/gd32f30x_it.c **** 
  42:Src/gd32f30x_it.c **** /*!
  43:Src/gd32f30x_it.c ****     \brief      this function handles NMI exception
  44:Src/gd32f30x_it.c ****     \param[in]  none
  45:Src/gd32f30x_it.c ****     \param[out] none
  46:Src/gd32f30x_it.c ****     \retval     none
  47:Src/gd32f30x_it.c **** */
  48:Src/gd32f30x_it.c **** void NMI_Handler(void)
  49:Src/gd32f30x_it.c **** {
  29              		.loc 1 49 1 view -0
  30              		.cfi_startproc
  31              		@ args = 0, pretend = 0, frame = 0
  32              		@ frame_needed = 0, uses_anonymous_args = 0
  33              		@ link register save eliminated.
  50:Src/gd32f30x_it.c **** }
  34              		.loc 1 50 1 view .LVU1
  35 0000 7047     		bx	lr
  36              		.cfi_endproc
  37              	.LFE116:
  39              		.section	.text.HardFault_Handler,"ax",%progbits
  40              		.align	1
  41              		.global	HardFault_Handler
  42              		.syntax unified
  43              		.thumb
  44              		.thumb_func
  45              		.fpu fpv4-sp-d16
  47              	HardFault_Handler:
  48              	.LFB117:
  51:Src/gd32f30x_it.c **** 
  52:Src/gd32f30x_it.c **** /*!
  53:Src/gd32f30x_it.c ****     \brief      this function handles HardFault exception
  54:Src/gd32f30x_it.c ****     \param[in]  none
  55:Src/gd32f30x_it.c ****     \param[out] none
  56:Src/gd32f30x_it.c ****     \retval     none
  57:Src/gd32f30x_it.c **** */
  58:Src/gd32f30x_it.c **** void HardFault_Handler(void)
  59:Src/gd32f30x_it.c **** {
  49              		.loc 1 59 1 view -0
  50              		.cfi_startproc
  51              		@ Volatile: function does not return.
  52              		@ args = 0, pretend = 0, frame = 0
  53              		@ frame_needed = 0, uses_anonymous_args = 0
  54              		@ link register save eliminated.
  55              	.L3:
  60:Src/gd32f30x_it.c ****     /* if Hard Fault exception occurs, go to infinite loop */
  61:Src/gd32f30x_it.c ****     while (1){
  56              		.loc 1 61 5 discriminator 1 view .LVU3
ARM GAS  C:\Users\Prog\AppData\Local\Temp\ccTDEI5j.s 			page 3


  62:Src/gd32f30x_it.c ****     }
  57              		.loc 1 62 5 discriminator 1 view .LVU4
  58 0000 FEE7     		b	.L3
  59              		.cfi_endproc
  60              	.LFE117:
  62              		.section	.text.MemManage_Handler,"ax",%progbits
  63              		.align	1
  64              		.global	MemManage_Handler
  65              		.syntax unified
  66              		.thumb
  67              		.thumb_func
  68              		.fpu fpv4-sp-d16
  70              	MemManage_Handler:
  71              	.LFB118:
  63:Src/gd32f30x_it.c **** }
  64:Src/gd32f30x_it.c **** 
  65:Src/gd32f30x_it.c **** /*!
  66:Src/gd32f30x_it.c ****     \brief      this function handles MemManage exception
  67:Src/gd32f30x_it.c ****     \param[in]  none
  68:Src/gd32f30x_it.c ****     \param[out] none
  69:Src/gd32f30x_it.c ****     \retval     none
  70:Src/gd32f30x_it.c **** */
  71:Src/gd32f30x_it.c **** void MemManage_Handler(void)
  72:Src/gd32f30x_it.c **** {
  72              		.loc 1 72 1 view -0
  73              		.cfi_startproc
  74              		@ Volatile: function does not return.
  75              		@ args = 0, pretend = 0, frame = 0
  76              		@ frame_needed = 0, uses_anonymous_args = 0
  77              		@ link register save eliminated.
  78              	.L5:
  73:Src/gd32f30x_it.c ****     /* if Memory Manage exception occurs, go to infinite loop */
  74:Src/gd32f30x_it.c ****     while (1){
  79              		.loc 1 74 5 discriminator 1 view .LVU6
  75:Src/gd32f30x_it.c ****     }
  80              		.loc 1 75 5 discriminator 1 view .LVU7
  81 0000 FEE7     		b	.L5
  82              		.cfi_endproc
  83              	.LFE118:
  85              		.section	.text.BusFault_Handler,"ax",%progbits
  86              		.align	1
  87              		.global	BusFault_Handler
  88              		.syntax unified
  89              		.thumb
  90              		.thumb_func
  91              		.fpu fpv4-sp-d16
  93              	BusFault_Handler:
  94              	.LFB119:
  76:Src/gd32f30x_it.c **** }
  77:Src/gd32f30x_it.c **** 
  78:Src/gd32f30x_it.c **** /*!
  79:Src/gd32f30x_it.c ****     \brief      this function handles BusFault exception
  80:Src/gd32f30x_it.c ****     \param[in]  none
  81:Src/gd32f30x_it.c ****     \param[out] none
  82:Src/gd32f30x_it.c ****     \retval     none
  83:Src/gd32f30x_it.c **** */
  84:Src/gd32f30x_it.c **** void BusFault_Handler(void)
ARM GAS  C:\Users\Prog\AppData\Local\Temp\ccTDEI5j.s 			page 4


  85:Src/gd32f30x_it.c **** {
  95              		.loc 1 85 1 view -0
  96              		.cfi_startproc
  97              		@ Volatile: function does not return.
  98              		@ args = 0, pretend = 0, frame = 0
  99              		@ frame_needed = 0, uses_anonymous_args = 0
 100              		@ link register save eliminated.
 101              	.L7:
  86:Src/gd32f30x_it.c ****     /* if Bus Fault exception occurs, go to infinite loop */
  87:Src/gd32f30x_it.c ****     while (1){
 102              		.loc 1 87 5 discriminator 1 view .LVU9
  88:Src/gd32f30x_it.c ****     }
 103              		.loc 1 88 5 discriminator 1 view .LVU10
 104 0000 FEE7     		b	.L7
 105              		.cfi_endproc
 106              	.LFE119:
 108              		.section	.text.UsageFault_Handler,"ax",%progbits
 109              		.align	1
 110              		.global	UsageFault_Handler
 111              		.syntax unified
 112              		.thumb
 113              		.thumb_func
 114              		.fpu fpv4-sp-d16
 116              	UsageFault_Handler:
 117              	.LFB120:
  89:Src/gd32f30x_it.c **** }
  90:Src/gd32f30x_it.c **** 
  91:Src/gd32f30x_it.c **** /*!
  92:Src/gd32f30x_it.c ****     \brief      this function handles UsageFault exception
  93:Src/gd32f30x_it.c ****     \param[in]  none
  94:Src/gd32f30x_it.c ****     \param[out] none
  95:Src/gd32f30x_it.c ****     \retval     none
  96:Src/gd32f30x_it.c **** */
  97:Src/gd32f30x_it.c **** void UsageFault_Handler(void)
  98:Src/gd32f30x_it.c **** {
 118              		.loc 1 98 1 view -0
 119              		.cfi_startproc
 120              		@ Volatile: function does not return.
 121              		@ args = 0, pretend = 0, frame = 0
 122              		@ frame_needed = 0, uses_anonymous_args = 0
 123              		@ link register save eliminated.
 124              	.L9:
  99:Src/gd32f30x_it.c ****     /* if Usage Fault exception occurs, go to infinite loop */
 100:Src/gd32f30x_it.c ****     while (1){
 125              		.loc 1 100 5 discriminator 1 view .LVU12
 101:Src/gd32f30x_it.c ****     }
 126              		.loc 1 101 5 discriminator 1 view .LVU13
 127 0000 FEE7     		b	.L9
 128              		.cfi_endproc
 129              	.LFE120:
 131              		.section	.text.SVC_Handler,"ax",%progbits
 132              		.align	1
 133              		.global	SVC_Handler
 134              		.syntax unified
 135              		.thumb
 136              		.thumb_func
 137              		.fpu fpv4-sp-d16
ARM GAS  C:\Users\Prog\AppData\Local\Temp\ccTDEI5j.s 			page 5


 139              	SVC_Handler:
 140              	.LFB121:
 102:Src/gd32f30x_it.c **** }
 103:Src/gd32f30x_it.c **** 
 104:Src/gd32f30x_it.c **** /*!
 105:Src/gd32f30x_it.c ****     \brief      this function handles SVC exception
 106:Src/gd32f30x_it.c ****     \param[in]  none
 107:Src/gd32f30x_it.c ****     \param[out] none
 108:Src/gd32f30x_it.c ****     \retval     none
 109:Src/gd32f30x_it.c **** */
 110:Src/gd32f30x_it.c **** void SVC_Handler(void)
 111:Src/gd32f30x_it.c **** {
 141              		.loc 1 111 1 view -0
 142              		.cfi_startproc
 143              		@ args = 0, pretend = 0, frame = 0
 144              		@ frame_needed = 0, uses_anonymous_args = 0
 145              		@ link register save eliminated.
 112:Src/gd32f30x_it.c **** }
 146              		.loc 1 112 1 view .LVU15
 147 0000 7047     		bx	lr
 148              		.cfi_endproc
 149              	.LFE121:
 151              		.section	.text.DebugMon_Handler,"ax",%progbits
 152              		.align	1
 153              		.global	DebugMon_Handler
 154              		.syntax unified
 155              		.thumb
 156              		.thumb_func
 157              		.fpu fpv4-sp-d16
 159              	DebugMon_Handler:
 160              	.LFB122:
 113:Src/gd32f30x_it.c **** 
 114:Src/gd32f30x_it.c **** /*!
 115:Src/gd32f30x_it.c ****     \brief      this function handles DebugMon exception
 116:Src/gd32f30x_it.c ****     \param[in]  none
 117:Src/gd32f30x_it.c ****     \param[out] none
 118:Src/gd32f30x_it.c ****     \retval     none
 119:Src/gd32f30x_it.c **** */
 120:Src/gd32f30x_it.c **** void DebugMon_Handler(void)
 121:Src/gd32f30x_it.c **** {
 161              		.loc 1 121 1 view -0
 162              		.cfi_startproc
 163              		@ args = 0, pretend = 0, frame = 0
 164              		@ frame_needed = 0, uses_anonymous_args = 0
 165              		@ link register save eliminated.
 122:Src/gd32f30x_it.c **** }
 166              		.loc 1 122 1 view .LVU17
 167 0000 7047     		bx	lr
 168              		.cfi_endproc
 169              	.LFE122:
 171              		.section	.text.PendSV_Handler,"ax",%progbits
 172              		.align	1
 173              		.global	PendSV_Handler
 174              		.syntax unified
 175              		.thumb
 176              		.thumb_func
 177              		.fpu fpv4-sp-d16
ARM GAS  C:\Users\Prog\AppData\Local\Temp\ccTDEI5j.s 			page 6


 179              	PendSV_Handler:
 180              	.LFB123:
 123:Src/gd32f30x_it.c **** 
 124:Src/gd32f30x_it.c **** /*!
 125:Src/gd32f30x_it.c ****     \brief      this function handles PendSV exception
 126:Src/gd32f30x_it.c ****     \param[in]  none
 127:Src/gd32f30x_it.c ****     \param[out] none
 128:Src/gd32f30x_it.c ****     \retval     none
 129:Src/gd32f30x_it.c **** */
 130:Src/gd32f30x_it.c **** void PendSV_Handler(void)
 131:Src/gd32f30x_it.c **** {
 181              		.loc 1 131 1 view -0
 182              		.cfi_startproc
 183              		@ args = 0, pretend = 0, frame = 0
 184              		@ frame_needed = 0, uses_anonymous_args = 0
 185              		@ link register save eliminated.
 132:Src/gd32f30x_it.c **** }
 186              		.loc 1 132 1 view .LVU19
 187 0000 7047     		bx	lr
 188              		.cfi_endproc
 189              	.LFE123:
 191              		.section	.text.SysTick_Handler,"ax",%progbits
 192              		.align	1
 193              		.global	SysTick_Handler
 194              		.syntax unified
 195              		.thumb
 196              		.thumb_func
 197              		.fpu fpv4-sp-d16
 199              	SysTick_Handler:
 200              	.LFB124:
 133:Src/gd32f30x_it.c **** 
 134:Src/gd32f30x_it.c **** /*!
 135:Src/gd32f30x_it.c ****     \brief      this function handles SysTick exception
 136:Src/gd32f30x_it.c ****     \param[in]  none
 137:Src/gd32f30x_it.c ****     \param[out] none
 138:Src/gd32f30x_it.c ****     \retval     none
 139:Src/gd32f30x_it.c **** */
 140:Src/gd32f30x_it.c **** void SysTick_Handler(void)
 141:Src/gd32f30x_it.c **** {
 201              		.loc 1 141 1 view -0
 202              		.cfi_startproc
 203              		@ args = 0, pretend = 0, frame = 0
 204              		@ frame_needed = 0, uses_anonymous_args = 0
 205 0000 08B5     		push	{r3, lr}
 206              	.LCFI0:
 207              		.cfi_def_cfa_offset 8
 208              		.cfi_offset 3, -8
 209              		.cfi_offset 14, -4
 142:Src/gd32f30x_it.c ****     delay_decrement();
 210              		.loc 1 142 5 view .LVU21
 211 0002 FFF7FEFF 		bl	delay_decrement
 212              	.LVL0:
 143:Src/gd32f30x_it.c **** }
 213              		.loc 1 143 1 is_stmt 0 view .LVU22
 214 0006 08BD     		pop	{r3, pc}
 215              		.cfi_endproc
 216              	.LFE124:
ARM GAS  C:\Users\Prog\AppData\Local\Temp\ccTDEI5j.s 			page 7


 218              		.text
 219              	.Letext0:
 220              		.file 2 "d:\\embedded_gcc\\arm_gcc\\arm-none-eabi\\include\\machine\\_default_types.h"
 221              		.file 3 "d:\\embedded_gcc\\arm_gcc\\arm-none-eabi\\include\\sys\\_stdint.h"
 222              		.file 4 "Drivers/CMSIS/core_cm4.h"
 223              		.file 5 "Drivers/CMSIS/GD/GD32F30x/Include/system_gd32f30x.h"
 224              		.file 6 "Inc/systick.h"
ARM GAS  C:\Users\Prog\AppData\Local\Temp\ccTDEI5j.s 			page 8


DEFINED SYMBOLS
                            *ABS*:0000000000000000 gd32f30x_it.c
C:\Users\Prog\AppData\Local\Temp\ccTDEI5j.s:18     .text.NMI_Handler:0000000000000000 $t
C:\Users\Prog\AppData\Local\Temp\ccTDEI5j.s:26     .text.NMI_Handler:0000000000000000 NMI_Handler
C:\Users\Prog\AppData\Local\Temp\ccTDEI5j.s:40     .text.HardFault_Handler:0000000000000000 $t
C:\Users\Prog\AppData\Local\Temp\ccTDEI5j.s:47     .text.HardFault_Handler:0000000000000000 HardFault_Handler
C:\Users\Prog\AppData\Local\Temp\ccTDEI5j.s:63     .text.MemManage_Handler:0000000000000000 $t
C:\Users\Prog\AppData\Local\Temp\ccTDEI5j.s:70     .text.MemManage_Handler:0000000000000000 MemManage_Handler
C:\Users\Prog\AppData\Local\Temp\ccTDEI5j.s:86     .text.BusFault_Handler:0000000000000000 $t
C:\Users\Prog\AppData\Local\Temp\ccTDEI5j.s:93     .text.BusFault_Handler:0000000000000000 BusFault_Handler
C:\Users\Prog\AppData\Local\Temp\ccTDEI5j.s:109    .text.UsageFault_Handler:0000000000000000 $t
C:\Users\Prog\AppData\Local\Temp\ccTDEI5j.s:116    .text.UsageFault_Handler:0000000000000000 UsageFault_Handler
C:\Users\Prog\AppData\Local\Temp\ccTDEI5j.s:132    .text.SVC_Handler:0000000000000000 $t
C:\Users\Prog\AppData\Local\Temp\ccTDEI5j.s:139    .text.SVC_Handler:0000000000000000 SVC_Handler
C:\Users\Prog\AppData\Local\Temp\ccTDEI5j.s:152    .text.DebugMon_Handler:0000000000000000 $t
C:\Users\Prog\AppData\Local\Temp\ccTDEI5j.s:159    .text.DebugMon_Handler:0000000000000000 DebugMon_Handler
C:\Users\Prog\AppData\Local\Temp\ccTDEI5j.s:172    .text.PendSV_Handler:0000000000000000 $t
C:\Users\Prog\AppData\Local\Temp\ccTDEI5j.s:179    .text.PendSV_Handler:0000000000000000 PendSV_Handler
C:\Users\Prog\AppData\Local\Temp\ccTDEI5j.s:192    .text.SysTick_Handler:0000000000000000 $t
C:\Users\Prog\AppData\Local\Temp\ccTDEI5j.s:199    .text.SysTick_Handler:0000000000000000 SysTick_Handler

UNDEFINED SYMBOLS
delay_decrement
