ARM GAS  C:\Users\Prog\AppData\Local\Temp\ccrJD8va.s 			page 1


   1              		.cpu cortex-m4
   2              		.eabi_attribute 27, 1
   3              		.eabi_attribute 28, 1
   4              		.eabi_attribute 20, 1
   5              		.eabi_attribute 21, 1
   6              		.eabi_attribute 23, 3
   7              		.eabi_attribute 24, 1
   8              		.eabi_attribute 25, 1
   9              		.eabi_attribute 26, 1
  10              		.eabi_attribute 30, 1
  11              		.eabi_attribute 34, 1
  12              		.eabi_attribute 18, 4
  13              		.file	"gd32f30x_dbg.c"
  14              		.text
  15              	.Ltext0:
  16              		.cfi_sections	.debug_frame
  17              		.section	.text.dbg_deinit,"ax",%progbits
  18              		.align	1
  19              		.global	dbg_deinit
  20              		.arch armv7e-m
  21              		.syntax unified
  22              		.thumb
  23              		.thumb_func
  24              		.fpu fpv4-sp-d16
  26              	dbg_deinit:
  27              	.LFB116:
  28              		.file 1 "Drivers/GD32F30x_standard_peripheral/Source/gd32f30x_dbg.c"
   1:Drivers/GD32F30x_standard_peripheral/Source/gd32f30x_dbg.c **** /*!
   2:Drivers/GD32F30x_standard_peripheral/Source/gd32f30x_dbg.c ****     \file    gd32f30x_dbg.c
   3:Drivers/GD32F30x_standard_peripheral/Source/gd32f30x_dbg.c ****     \brief   DBG driver
   4:Drivers/GD32F30x_standard_peripheral/Source/gd32f30x_dbg.c **** 
   5:Drivers/GD32F30x_standard_peripheral/Source/gd32f30x_dbg.c ****     \version 2017-02-10, V1.0.0, firmware for GD32F30x
   6:Drivers/GD32F30x_standard_peripheral/Source/gd32f30x_dbg.c ****     \version 2018-10-10, V1.1.0, firmware for GD32F30x
   7:Drivers/GD32F30x_standard_peripheral/Source/gd32f30x_dbg.c ****     \version 2018-12-25, V2.0.0, firmware for GD32F30x
   8:Drivers/GD32F30x_standard_peripheral/Source/gd32f30x_dbg.c ****     \version 2020-09-30, V2.1.0, firmware for GD32F30x
   9:Drivers/GD32F30x_standard_peripheral/Source/gd32f30x_dbg.c **** */
  10:Drivers/GD32F30x_standard_peripheral/Source/gd32f30x_dbg.c **** 
  11:Drivers/GD32F30x_standard_peripheral/Source/gd32f30x_dbg.c **** /*
  12:Drivers/GD32F30x_standard_peripheral/Source/gd32f30x_dbg.c ****     Copyright (c) 2020, GigaDevice Semiconductor Inc.
  13:Drivers/GD32F30x_standard_peripheral/Source/gd32f30x_dbg.c **** 
  14:Drivers/GD32F30x_standard_peripheral/Source/gd32f30x_dbg.c ****     Redistribution and use in source and binary forms, with or without modification, 
  15:Drivers/GD32F30x_standard_peripheral/Source/gd32f30x_dbg.c **** are permitted provided that the following conditions are met:
  16:Drivers/GD32F30x_standard_peripheral/Source/gd32f30x_dbg.c **** 
  17:Drivers/GD32F30x_standard_peripheral/Source/gd32f30x_dbg.c ****     1. Redistributions of source code must retain the above copyright notice, this 
  18:Drivers/GD32F30x_standard_peripheral/Source/gd32f30x_dbg.c ****        list of conditions and the following disclaimer.
  19:Drivers/GD32F30x_standard_peripheral/Source/gd32f30x_dbg.c ****     2. Redistributions in binary form must reproduce the above copyright notice, 
  20:Drivers/GD32F30x_standard_peripheral/Source/gd32f30x_dbg.c ****        this list of conditions and the following disclaimer in the documentation 
  21:Drivers/GD32F30x_standard_peripheral/Source/gd32f30x_dbg.c ****        and/or other materials provided with the distribution.
  22:Drivers/GD32F30x_standard_peripheral/Source/gd32f30x_dbg.c ****     3. Neither the name of the copyright holder nor the names of its contributors 
  23:Drivers/GD32F30x_standard_peripheral/Source/gd32f30x_dbg.c ****        may be used to endorse or promote products derived from this software without 
  24:Drivers/GD32F30x_standard_peripheral/Source/gd32f30x_dbg.c ****        specific prior written permission.
  25:Drivers/GD32F30x_standard_peripheral/Source/gd32f30x_dbg.c **** 
  26:Drivers/GD32F30x_standard_peripheral/Source/gd32f30x_dbg.c ****     THIS SOFTWARE IS PROVIDED BY THE COPYRIGHT HOLDERS AND CONTRIBUTORS "AS IS" 
  27:Drivers/GD32F30x_standard_peripheral/Source/gd32f30x_dbg.c **** AND ANY EXPRESS OR IMPLIED WARRANTIES, INCLUDING, BUT NOT LIMITED TO, THE IMPLIED 
  28:Drivers/GD32F30x_standard_peripheral/Source/gd32f30x_dbg.c **** WARRANTIES OF MERCHANTABILITY AND FITNESS FOR A PARTICULAR PURPOSE ARE DISCLAIMED. 
  29:Drivers/GD32F30x_standard_peripheral/Source/gd32f30x_dbg.c **** IN NO EVENT SHALL THE COPYRIGHT HOLDER OR CONTRIBUTORS BE LIABLE FOR ANY DIRECT, 
  30:Drivers/GD32F30x_standard_peripheral/Source/gd32f30x_dbg.c **** INDIRECT, INCIDENTAL, SPECIAL, EXEMPLARY, OR CONSEQUENTIAL DAMAGES (INCLUDING, BUT 
ARM GAS  C:\Users\Prog\AppData\Local\Temp\ccrJD8va.s 			page 2


  31:Drivers/GD32F30x_standard_peripheral/Source/gd32f30x_dbg.c **** NOT LIMITED TO, PROCUREMENT OF SUBSTITUTE GOODS OR SERVICES; LOSS OF USE, DATA, OR 
  32:Drivers/GD32F30x_standard_peripheral/Source/gd32f30x_dbg.c **** PROFITS; OR BUSINESS INTERRUPTION) HOWEVER CAUSED AND ON ANY THEORY OF LIABILITY, 
  33:Drivers/GD32F30x_standard_peripheral/Source/gd32f30x_dbg.c **** WHETHER IN CONTRACT, STRICT LIABILITY, OR TORT (INCLUDING NEGLIGENCE OR OTHERWISE) 
  34:Drivers/GD32F30x_standard_peripheral/Source/gd32f30x_dbg.c **** ARISING IN ANY WAY OUT OF THE USE OF THIS SOFTWARE, EVEN IF ADVISED OF THE POSSIBILITY 
  35:Drivers/GD32F30x_standard_peripheral/Source/gd32f30x_dbg.c **** OF SUCH DAMAGE.
  36:Drivers/GD32F30x_standard_peripheral/Source/gd32f30x_dbg.c **** */
  37:Drivers/GD32F30x_standard_peripheral/Source/gd32f30x_dbg.c **** 
  38:Drivers/GD32F30x_standard_peripheral/Source/gd32f30x_dbg.c **** #include "gd32f30x_dbg.h"
  39:Drivers/GD32F30x_standard_peripheral/Source/gd32f30x_dbg.c **** 
  40:Drivers/GD32F30x_standard_peripheral/Source/gd32f30x_dbg.c **** #define DBG_RESET_VAL       0x00000000U
  41:Drivers/GD32F30x_standard_peripheral/Source/gd32f30x_dbg.c **** 
  42:Drivers/GD32F30x_standard_peripheral/Source/gd32f30x_dbg.c **** /*!
  43:Drivers/GD32F30x_standard_peripheral/Source/gd32f30x_dbg.c ****     \brief      deinitialize the DBG
  44:Drivers/GD32F30x_standard_peripheral/Source/gd32f30x_dbg.c ****     \param[in]  none
  45:Drivers/GD32F30x_standard_peripheral/Source/gd32f30x_dbg.c ****     \param[out] none
  46:Drivers/GD32F30x_standard_peripheral/Source/gd32f30x_dbg.c ****     \retval     none
  47:Drivers/GD32F30x_standard_peripheral/Source/gd32f30x_dbg.c **** */
  48:Drivers/GD32F30x_standard_peripheral/Source/gd32f30x_dbg.c **** void dbg_deinit(void)
  49:Drivers/GD32F30x_standard_peripheral/Source/gd32f30x_dbg.c **** {
  29              		.loc 1 49 1 view -0
  30              		.cfi_startproc
  31              		@ args = 0, pretend = 0, frame = 0
  32              		@ frame_needed = 0, uses_anonymous_args = 0
  33              		@ link register save eliminated.
  50:Drivers/GD32F30x_standard_peripheral/Source/gd32f30x_dbg.c ****     DBG_CTL0 = DBG_RESET_VAL;
  34              		.loc 1 50 5 view .LVU1
  35              		.loc 1 50 14 is_stmt 0 view .LVU2
  36 0000 014B     		ldr	r3, .L2
  37 0002 0022     		movs	r2, #0
  38 0004 1A60     		str	r2, [r3]
  51:Drivers/GD32F30x_standard_peripheral/Source/gd32f30x_dbg.c **** }
  39              		.loc 1 51 1 view .LVU3
  40 0006 7047     		bx	lr
  41              	.L3:
  42              		.align	2
  43              	.L2:
  44 0008 042004E0 		.word	-536600572
  45              		.cfi_endproc
  46              	.LFE116:
  48              		.section	.text.dbg_id_get,"ax",%progbits
  49              		.align	1
  50              		.global	dbg_id_get
  51              		.syntax unified
  52              		.thumb
  53              		.thumb_func
  54              		.fpu fpv4-sp-d16
  56              	dbg_id_get:
  57              	.LFB117:
  52:Drivers/GD32F30x_standard_peripheral/Source/gd32f30x_dbg.c **** 
  53:Drivers/GD32F30x_standard_peripheral/Source/gd32f30x_dbg.c **** /*!
  54:Drivers/GD32F30x_standard_peripheral/Source/gd32f30x_dbg.c ****     \brief      read DBG_ID code register
  55:Drivers/GD32F30x_standard_peripheral/Source/gd32f30x_dbg.c ****     \param[in]  none
  56:Drivers/GD32F30x_standard_peripheral/Source/gd32f30x_dbg.c ****     \param[out] none
  57:Drivers/GD32F30x_standard_peripheral/Source/gd32f30x_dbg.c ****     \retval     DBG_ID code
  58:Drivers/GD32F30x_standard_peripheral/Source/gd32f30x_dbg.c **** */
  59:Drivers/GD32F30x_standard_peripheral/Source/gd32f30x_dbg.c **** uint32_t dbg_id_get(void)
  60:Drivers/GD32F30x_standard_peripheral/Source/gd32f30x_dbg.c **** {
ARM GAS  C:\Users\Prog\AppData\Local\Temp\ccrJD8va.s 			page 3


  58              		.loc 1 60 1 is_stmt 1 view -0
  59              		.cfi_startproc
  60              		@ args = 0, pretend = 0, frame = 0
  61              		@ frame_needed = 0, uses_anonymous_args = 0
  62              		@ link register save eliminated.
  61:Drivers/GD32F30x_standard_peripheral/Source/gd32f30x_dbg.c ****     return DBG_ID;
  63              		.loc 1 61 5 view .LVU5
  64              		.loc 1 61 12 is_stmt 0 view .LVU6
  65 0000 014B     		ldr	r3, .L5
  66 0002 1868     		ldr	r0, [r3]
  62:Drivers/GD32F30x_standard_peripheral/Source/gd32f30x_dbg.c **** }
  67              		.loc 1 62 1 view .LVU7
  68 0004 7047     		bx	lr
  69              	.L6:
  70 0006 00BF     		.align	2
  71              	.L5:
  72 0008 002004E0 		.word	-536600576
  73              		.cfi_endproc
  74              	.LFE117:
  76              		.section	.text.dbg_low_power_enable,"ax",%progbits
  77              		.align	1
  78              		.global	dbg_low_power_enable
  79              		.syntax unified
  80              		.thumb
  81              		.thumb_func
  82              		.fpu fpv4-sp-d16
  84              	dbg_low_power_enable:
  85              	.LVL0:
  86              	.LFB118:
  63:Drivers/GD32F30x_standard_peripheral/Source/gd32f30x_dbg.c **** 
  64:Drivers/GD32F30x_standard_peripheral/Source/gd32f30x_dbg.c **** /*!
  65:Drivers/GD32F30x_standard_peripheral/Source/gd32f30x_dbg.c ****     \brief      enable low power behavior when the mcu is in debug mode
  66:Drivers/GD32F30x_standard_peripheral/Source/gd32f30x_dbg.c ****     \param[in]  dbg_low_power:
  67:Drivers/GD32F30x_standard_peripheral/Source/gd32f30x_dbg.c ****                 this parameter can be any combination of the following values:
  68:Drivers/GD32F30x_standard_peripheral/Source/gd32f30x_dbg.c ****       \arg        DBG_LOW_POWER_SLEEP: keep debugger connection during sleep mode
  69:Drivers/GD32F30x_standard_peripheral/Source/gd32f30x_dbg.c ****       \arg        DBG_LOW_POWER_DEEPSLEEP: keep debugger connection during deepsleep mode
  70:Drivers/GD32F30x_standard_peripheral/Source/gd32f30x_dbg.c ****       \arg        DBG_LOW_POWER_STANDBY: keep debugger connection during standby mode
  71:Drivers/GD32F30x_standard_peripheral/Source/gd32f30x_dbg.c ****     \param[out] none
  72:Drivers/GD32F30x_standard_peripheral/Source/gd32f30x_dbg.c ****     \retval     none
  73:Drivers/GD32F30x_standard_peripheral/Source/gd32f30x_dbg.c **** */
  74:Drivers/GD32F30x_standard_peripheral/Source/gd32f30x_dbg.c **** void dbg_low_power_enable(uint32_t dbg_low_power)
  75:Drivers/GD32F30x_standard_peripheral/Source/gd32f30x_dbg.c **** {
  87              		.loc 1 75 1 is_stmt 1 view -0
  88              		.cfi_startproc
  89              		@ args = 0, pretend = 0, frame = 0
  90              		@ frame_needed = 0, uses_anonymous_args = 0
  91              		@ link register save eliminated.
  76:Drivers/GD32F30x_standard_peripheral/Source/gd32f30x_dbg.c ****     DBG_CTL0 |= dbg_low_power;
  92              		.loc 1 76 5 view .LVU9
  93              		.loc 1 76 14 is_stmt 0 view .LVU10
  94 0000 024A     		ldr	r2, .L8
  95 0002 1368     		ldr	r3, [r2]
  96 0004 1843     		orrs	r0, r0, r3
  97              	.LVL1:
  98              		.loc 1 76 14 view .LVU11
  99 0006 1060     		str	r0, [r2]
  77:Drivers/GD32F30x_standard_peripheral/Source/gd32f30x_dbg.c **** }
ARM GAS  C:\Users\Prog\AppData\Local\Temp\ccrJD8va.s 			page 4


 100              		.loc 1 77 1 view .LVU12
 101 0008 7047     		bx	lr
 102              	.L9:
 103 000a 00BF     		.align	2
 104              	.L8:
 105 000c 042004E0 		.word	-536600572
 106              		.cfi_endproc
 107              	.LFE118:
 109              		.section	.text.dbg_low_power_disable,"ax",%progbits
 110              		.align	1
 111              		.global	dbg_low_power_disable
 112              		.syntax unified
 113              		.thumb
 114              		.thumb_func
 115              		.fpu fpv4-sp-d16
 117              	dbg_low_power_disable:
 118              	.LVL2:
 119              	.LFB119:
  78:Drivers/GD32F30x_standard_peripheral/Source/gd32f30x_dbg.c **** 
  79:Drivers/GD32F30x_standard_peripheral/Source/gd32f30x_dbg.c **** /*!
  80:Drivers/GD32F30x_standard_peripheral/Source/gd32f30x_dbg.c ****     \brief      disable low power behavior when the mcu is in debug mode
  81:Drivers/GD32F30x_standard_peripheral/Source/gd32f30x_dbg.c ****     \param[in]  dbg_low_power:
  82:Drivers/GD32F30x_standard_peripheral/Source/gd32f30x_dbg.c ****                 this parameter can be any combination of the following values:
  83:Drivers/GD32F30x_standard_peripheral/Source/gd32f30x_dbg.c ****       \arg        DBG_LOW_POWER_SLEEP: donot keep debugger connection during sleep mode
  84:Drivers/GD32F30x_standard_peripheral/Source/gd32f30x_dbg.c ****       \arg        DBG_LOW_POWER_DEEPSLEEP: donot keep debugger connection during deepsleep mode
  85:Drivers/GD32F30x_standard_peripheral/Source/gd32f30x_dbg.c ****       \arg        DBG_LOW_POWER_STANDBY: donot keep debugger connection during standby mode
  86:Drivers/GD32F30x_standard_peripheral/Source/gd32f30x_dbg.c ****     \param[out] none
  87:Drivers/GD32F30x_standard_peripheral/Source/gd32f30x_dbg.c ****     \retval     none
  88:Drivers/GD32F30x_standard_peripheral/Source/gd32f30x_dbg.c **** */
  89:Drivers/GD32F30x_standard_peripheral/Source/gd32f30x_dbg.c **** void dbg_low_power_disable(uint32_t dbg_low_power)
  90:Drivers/GD32F30x_standard_peripheral/Source/gd32f30x_dbg.c **** {
 120              		.loc 1 90 1 is_stmt 1 view -0
 121              		.cfi_startproc
 122              		@ args = 0, pretend = 0, frame = 0
 123              		@ frame_needed = 0, uses_anonymous_args = 0
 124              		@ link register save eliminated.
  91:Drivers/GD32F30x_standard_peripheral/Source/gd32f30x_dbg.c ****     DBG_CTL0 &= ~dbg_low_power;
 125              		.loc 1 91 5 view .LVU14
 126              		.loc 1 91 14 is_stmt 0 view .LVU15
 127 0000 024A     		ldr	r2, .L11
 128 0002 1368     		ldr	r3, [r2]
 129 0004 23EA0000 		bic	r0, r3, r0
 130              	.LVL3:
 131              		.loc 1 91 14 view .LVU16
 132 0008 1060     		str	r0, [r2]
  92:Drivers/GD32F30x_standard_peripheral/Source/gd32f30x_dbg.c **** }
 133              		.loc 1 92 1 view .LVU17
 134 000a 7047     		bx	lr
 135              	.L12:
 136              		.align	2
 137              	.L11:
 138 000c 042004E0 		.word	-536600572
 139              		.cfi_endproc
 140              	.LFE119:
 142              		.section	.text.dbg_periph_enable,"ax",%progbits
 143              		.align	1
 144              		.global	dbg_periph_enable
ARM GAS  C:\Users\Prog\AppData\Local\Temp\ccrJD8va.s 			page 5


 145              		.syntax unified
 146              		.thumb
 147              		.thumb_func
 148              		.fpu fpv4-sp-d16
 150              	dbg_periph_enable:
 151              	.LVL4:
 152              	.LFB120:
  93:Drivers/GD32F30x_standard_peripheral/Source/gd32f30x_dbg.c **** 
  94:Drivers/GD32F30x_standard_peripheral/Source/gd32f30x_dbg.c **** /*!
  95:Drivers/GD32F30x_standard_peripheral/Source/gd32f30x_dbg.c ****     \brief      enable peripheral behavior when the mcu is in debug mode
  96:Drivers/GD32F30x_standard_peripheral/Source/gd32f30x_dbg.c ****     \param[in]  dbg_periph: refer to dbg_periph_enum
  97:Drivers/GD32F30x_standard_peripheral/Source/gd32f30x_dbg.c ****                 only one parameter can be selected which is shown as below:
  98:Drivers/GD32F30x_standard_peripheral/Source/gd32f30x_dbg.c ****       \arg        DBG_FWDGT_HOLD : debug FWDGT kept when core is halted
  99:Drivers/GD32F30x_standard_peripheral/Source/gd32f30x_dbg.c ****       \arg        DBG_WWDGT_HOLD : debug WWDGT kept when core is halted
 100:Drivers/GD32F30x_standard_peripheral/Source/gd32f30x_dbg.c ****       \arg        DBG_CANx_HOLD (x=0,1,CAN1 is only available for CL series): hold CANx counter whe
 101:Drivers/GD32F30x_standard_peripheral/Source/gd32f30x_dbg.c ****       \arg        DBG_I2Cx_HOLD (x=0,1): hold I2Cx smbus when core is halted
 102:Drivers/GD32F30x_standard_peripheral/Source/gd32f30x_dbg.c ****       \arg        DBG_TIMERx_HOLD (x=0,1,2,3,4,5,6,7,8,9,10,11,12,13,TIMER8..13 are not available f
 103:Drivers/GD32F30x_standard_peripheral/Source/gd32f30x_dbg.c ****     \param[out] none
 104:Drivers/GD32F30x_standard_peripheral/Source/gd32f30x_dbg.c ****     \retval     none
 105:Drivers/GD32F30x_standard_peripheral/Source/gd32f30x_dbg.c **** */
 106:Drivers/GD32F30x_standard_peripheral/Source/gd32f30x_dbg.c **** void dbg_periph_enable(dbg_periph_enum dbg_periph)
 107:Drivers/GD32F30x_standard_peripheral/Source/gd32f30x_dbg.c **** {
 153              		.loc 1 107 1 is_stmt 1 view -0
 154              		.cfi_startproc
 155              		@ args = 0, pretend = 0, frame = 0
 156              		@ frame_needed = 0, uses_anonymous_args = 0
 157              		@ link register save eliminated.
 108:Drivers/GD32F30x_standard_peripheral/Source/gd32f30x_dbg.c ****     DBG_REG_VAL(dbg_periph) |= BIT(DBG_BIT_POS(dbg_periph));
 158              		.loc 1 108 5 view .LVU19
 159              		.loc 1 108 29 is_stmt 0 view .LVU20
 160 0000 8309     		lsrs	r3, r0, #6
 161 0002 03F16043 		add	r3, r3, #-536870912
 162 0006 03F58423 		add	r3, r3, #270336
 163 000a 1A68     		ldr	r2, [r3]
 164              		.loc 1 108 32 view .LVU21
 165 000c 00F01F00 		and	r0, r0, #31
 166              	.LVL5:
 167              		.loc 1 108 32 view .LVU22
 168 0010 0121     		movs	r1, #1
 169 0012 01FA00F0 		lsl	r0, r1, r0
 170              		.loc 1 108 29 view .LVU23
 171 0016 0243     		orrs	r2, r2, r0
 172 0018 1A60     		str	r2, [r3]
 109:Drivers/GD32F30x_standard_peripheral/Source/gd32f30x_dbg.c **** }
 173              		.loc 1 109 1 view .LVU24
 174 001a 7047     		bx	lr
 175              		.cfi_endproc
 176              	.LFE120:
 178              		.section	.text.dbg_periph_disable,"ax",%progbits
 179              		.align	1
 180              		.global	dbg_periph_disable
 181              		.syntax unified
 182              		.thumb
 183              		.thumb_func
 184              		.fpu fpv4-sp-d16
 186              	dbg_periph_disable:
 187              	.LVL6:
ARM GAS  C:\Users\Prog\AppData\Local\Temp\ccrJD8va.s 			page 6


 188              	.LFB121:
 110:Drivers/GD32F30x_standard_peripheral/Source/gd32f30x_dbg.c **** 
 111:Drivers/GD32F30x_standard_peripheral/Source/gd32f30x_dbg.c **** /*!
 112:Drivers/GD32F30x_standard_peripheral/Source/gd32f30x_dbg.c ****     \brief      disable peripheral behavior when the mcu is in debug mode
 113:Drivers/GD32F30x_standard_peripheral/Source/gd32f30x_dbg.c ****     \param[in]  dbg_periph: refer to dbg_periph_enum
 114:Drivers/GD32F30x_standard_peripheral/Source/gd32f30x_dbg.c ****                 only one parameter can be selected which is shown as below:
 115:Drivers/GD32F30x_standard_peripheral/Source/gd32f30x_dbg.c ****       \arg        DBG_FWDGT_HOLD : debug FWDGT kept when core is halted
 116:Drivers/GD32F30x_standard_peripheral/Source/gd32f30x_dbg.c ****       \arg        DBG_WWDGT_HOLD : debug WWDGT kept when core is halted
 117:Drivers/GD32F30x_standard_peripheral/Source/gd32f30x_dbg.c ****       \arg        DBG_CANx_HOLD (x=0,1,CAN1 is only available for CL series): hold CAN0 counter whe
 118:Drivers/GD32F30x_standard_peripheral/Source/gd32f30x_dbg.c ****       \arg        DBG_I2Cx_HOLD (x=0,1): hold I2Cx smbus when core is halted
 119:Drivers/GD32F30x_standard_peripheral/Source/gd32f30x_dbg.c ****       \arg        DBG_TIMERx_HOLD (x=0,1,2,3,4,5,6,7,8,9,10,11,12,13,TIMER8..13 are not available f
 120:Drivers/GD32F30x_standard_peripheral/Source/gd32f30x_dbg.c ****     \param[out] none
 121:Drivers/GD32F30x_standard_peripheral/Source/gd32f30x_dbg.c ****     \retval     none
 122:Drivers/GD32F30x_standard_peripheral/Source/gd32f30x_dbg.c **** */
 123:Drivers/GD32F30x_standard_peripheral/Source/gd32f30x_dbg.c **** void dbg_periph_disable(dbg_periph_enum dbg_periph)
 124:Drivers/GD32F30x_standard_peripheral/Source/gd32f30x_dbg.c **** {
 189              		.loc 1 124 1 is_stmt 1 view -0
 190              		.cfi_startproc
 191              		@ args = 0, pretend = 0, frame = 0
 192              		@ frame_needed = 0, uses_anonymous_args = 0
 193              		@ link register save eliminated.
 125:Drivers/GD32F30x_standard_peripheral/Source/gd32f30x_dbg.c ****     DBG_REG_VAL(dbg_periph) &= ~BIT(DBG_BIT_POS(dbg_periph));
 194              		.loc 1 125 5 view .LVU26
 195              		.loc 1 125 29 is_stmt 0 view .LVU27
 196 0000 8309     		lsrs	r3, r0, #6
 197 0002 03F16043 		add	r3, r3, #-536870912
 198 0006 03F58423 		add	r3, r3, #270336
 199 000a 1A68     		ldr	r2, [r3]
 200              		.loc 1 125 33 view .LVU28
 201 000c 00F01F00 		and	r0, r0, #31
 202              	.LVL7:
 203              		.loc 1 125 33 view .LVU29
 204 0010 0121     		movs	r1, #1
 205 0012 01FA00F0 		lsl	r0, r1, r0
 206              		.loc 1 125 29 view .LVU30
 207 0016 22EA0002 		bic	r2, r2, r0
 208 001a 1A60     		str	r2, [r3]
 126:Drivers/GD32F30x_standard_peripheral/Source/gd32f30x_dbg.c **** }
 209              		.loc 1 126 1 view .LVU31
 210 001c 7047     		bx	lr
 211              		.cfi_endproc
 212              	.LFE121:
 214              		.section	.text.dbg_trace_pin_enable,"ax",%progbits
 215              		.align	1
 216              		.global	dbg_trace_pin_enable
 217              		.syntax unified
 218              		.thumb
 219              		.thumb_func
 220              		.fpu fpv4-sp-d16
 222              	dbg_trace_pin_enable:
 223              	.LFB122:
 127:Drivers/GD32F30x_standard_peripheral/Source/gd32f30x_dbg.c **** 
 128:Drivers/GD32F30x_standard_peripheral/Source/gd32f30x_dbg.c **** /*!
 129:Drivers/GD32F30x_standard_peripheral/Source/gd32f30x_dbg.c ****     \brief      enable trace pin assignment
 130:Drivers/GD32F30x_standard_peripheral/Source/gd32f30x_dbg.c ****     \param[in]  none
 131:Drivers/GD32F30x_standard_peripheral/Source/gd32f30x_dbg.c ****     \param[out] none
 132:Drivers/GD32F30x_standard_peripheral/Source/gd32f30x_dbg.c ****     \retval     none
ARM GAS  C:\Users\Prog\AppData\Local\Temp\ccrJD8va.s 			page 7


 133:Drivers/GD32F30x_standard_peripheral/Source/gd32f30x_dbg.c **** */
 134:Drivers/GD32F30x_standard_peripheral/Source/gd32f30x_dbg.c **** void dbg_trace_pin_enable(void)
 135:Drivers/GD32F30x_standard_peripheral/Source/gd32f30x_dbg.c **** {
 224              		.loc 1 135 1 is_stmt 1 view -0
 225              		.cfi_startproc
 226              		@ args = 0, pretend = 0, frame = 0
 227              		@ frame_needed = 0, uses_anonymous_args = 0
 228              		@ link register save eliminated.
 136:Drivers/GD32F30x_standard_peripheral/Source/gd32f30x_dbg.c ****     DBG_CTL0 |= DBG_CTL0_TRACE_IOEN;
 229              		.loc 1 136 5 view .LVU33
 230              		.loc 1 136 14 is_stmt 0 view .LVU34
 231 0000 024A     		ldr	r2, .L16
 232 0002 1368     		ldr	r3, [r2]
 233 0004 43F02003 		orr	r3, r3, #32
 234 0008 1360     		str	r3, [r2]
 137:Drivers/GD32F30x_standard_peripheral/Source/gd32f30x_dbg.c **** }
 235              		.loc 1 137 1 view .LVU35
 236 000a 7047     		bx	lr
 237              	.L17:
 238              		.align	2
 239              	.L16:
 240 000c 042004E0 		.word	-536600572
 241              		.cfi_endproc
 242              	.LFE122:
 244              		.section	.text.dbg_trace_pin_disable,"ax",%progbits
 245              		.align	1
 246              		.global	dbg_trace_pin_disable
 247              		.syntax unified
 248              		.thumb
 249              		.thumb_func
 250              		.fpu fpv4-sp-d16
 252              	dbg_trace_pin_disable:
 253              	.LFB123:
 138:Drivers/GD32F30x_standard_peripheral/Source/gd32f30x_dbg.c **** 
 139:Drivers/GD32F30x_standard_peripheral/Source/gd32f30x_dbg.c **** /*!
 140:Drivers/GD32F30x_standard_peripheral/Source/gd32f30x_dbg.c ****     \brief      disable trace pin assignment
 141:Drivers/GD32F30x_standard_peripheral/Source/gd32f30x_dbg.c ****     \param[in]  none
 142:Drivers/GD32F30x_standard_peripheral/Source/gd32f30x_dbg.c ****     \param[out] none
 143:Drivers/GD32F30x_standard_peripheral/Source/gd32f30x_dbg.c ****     \retval     none
 144:Drivers/GD32F30x_standard_peripheral/Source/gd32f30x_dbg.c **** */
 145:Drivers/GD32F30x_standard_peripheral/Source/gd32f30x_dbg.c **** void dbg_trace_pin_disable(void)
 146:Drivers/GD32F30x_standard_peripheral/Source/gd32f30x_dbg.c **** {
 254              		.loc 1 146 1 is_stmt 1 view -0
 255              		.cfi_startproc
 256              		@ args = 0, pretend = 0, frame = 0
 257              		@ frame_needed = 0, uses_anonymous_args = 0
 258              		@ link register save eliminated.
 147:Drivers/GD32F30x_standard_peripheral/Source/gd32f30x_dbg.c ****     DBG_CTL0 &= ~DBG_CTL0_TRACE_IOEN;
 259              		.loc 1 147 5 view .LVU37
 260              		.loc 1 147 14 is_stmt 0 view .LVU38
 261 0000 024A     		ldr	r2, .L19
 262 0002 1368     		ldr	r3, [r2]
 263 0004 23F02003 		bic	r3, r3, #32
 264 0008 1360     		str	r3, [r2]
 148:Drivers/GD32F30x_standard_peripheral/Source/gd32f30x_dbg.c **** }
 265              		.loc 1 148 1 view .LVU39
 266 000a 7047     		bx	lr
ARM GAS  C:\Users\Prog\AppData\Local\Temp\ccrJD8va.s 			page 8


 267              	.L20:
 268              		.align	2
 269              	.L19:
 270 000c 042004E0 		.word	-536600572
 271              		.cfi_endproc
 272              	.LFE123:
 274              		.section	.text.dbg_trace_pin_mode_set,"ax",%progbits
 275              		.align	1
 276              		.global	dbg_trace_pin_mode_set
 277              		.syntax unified
 278              		.thumb
 279              		.thumb_func
 280              		.fpu fpv4-sp-d16
 282              	dbg_trace_pin_mode_set:
 283              	.LVL8:
 284              	.LFB124:
 149:Drivers/GD32F30x_standard_peripheral/Source/gd32f30x_dbg.c **** 
 150:Drivers/GD32F30x_standard_peripheral/Source/gd32f30x_dbg.c **** /*!
 151:Drivers/GD32F30x_standard_peripheral/Source/gd32f30x_dbg.c ****     \brief      trace pin mode selection 
 152:Drivers/GD32F30x_standard_peripheral/Source/gd32f30x_dbg.c ****     \param[in]  trace_mode:
 153:Drivers/GD32F30x_standard_peripheral/Source/gd32f30x_dbg.c ****       \arg        TRACE_MODE_ASYNC: trace pin used for async mode 
 154:Drivers/GD32F30x_standard_peripheral/Source/gd32f30x_dbg.c ****       \arg        TRACE_MODE_SYNC_DATASIZE_1: trace pin used for sync mode and data size is 1
 155:Drivers/GD32F30x_standard_peripheral/Source/gd32f30x_dbg.c ****       \arg        TRACE_MODE_SYNC_DATASIZE_2: trace pin used for sync mode and data size is 2
 156:Drivers/GD32F30x_standard_peripheral/Source/gd32f30x_dbg.c ****       \arg        TRACE_MODE_SYNC_DATASIZE_4: trace pin used for sync mode and data size is 4
 157:Drivers/GD32F30x_standard_peripheral/Source/gd32f30x_dbg.c ****     \param[out] none
 158:Drivers/GD32F30x_standard_peripheral/Source/gd32f30x_dbg.c ****     \retval     none
 159:Drivers/GD32F30x_standard_peripheral/Source/gd32f30x_dbg.c **** */
 160:Drivers/GD32F30x_standard_peripheral/Source/gd32f30x_dbg.c **** void dbg_trace_pin_mode_set(uint32_t trace_mode)
 161:Drivers/GD32F30x_standard_peripheral/Source/gd32f30x_dbg.c **** {
 285              		.loc 1 161 1 is_stmt 1 view -0
 286              		.cfi_startproc
 287              		@ args = 0, pretend = 0, frame = 0
 288              		@ frame_needed = 0, uses_anonymous_args = 0
 289              		@ link register save eliminated.
 162:Drivers/GD32F30x_standard_peripheral/Source/gd32f30x_dbg.c ****     DBG_CTL0 &= ~DBG_CTL0_TRACE_MODE;
 290              		.loc 1 162 5 view .LVU41
 291              		.loc 1 162 14 is_stmt 0 view .LVU42
 292 0000 044B     		ldr	r3, .L22
 293 0002 1A68     		ldr	r2, [r3]
 294 0004 22F0C002 		bic	r2, r2, #192
 295 0008 1A60     		str	r2, [r3]
 163:Drivers/GD32F30x_standard_peripheral/Source/gd32f30x_dbg.c ****     DBG_CTL0 |= trace_mode;
 296              		.loc 1 163 5 is_stmt 1 view .LVU43
 297              		.loc 1 163 14 is_stmt 0 view .LVU44
 298 000a 1A68     		ldr	r2, [r3]
 299 000c 1043     		orrs	r0, r0, r2
 300              	.LVL9:
 301              		.loc 1 163 14 view .LVU45
 302 000e 1860     		str	r0, [r3]
 164:Drivers/GD32F30x_standard_peripheral/Source/gd32f30x_dbg.c **** }
 303              		.loc 1 164 1 view .LVU46
 304 0010 7047     		bx	lr
 305              	.L23:
 306 0012 00BF     		.align	2
 307              	.L22:
 308 0014 042004E0 		.word	-536600572
 309              		.cfi_endproc
ARM GAS  C:\Users\Prog\AppData\Local\Temp\ccrJD8va.s 			page 9


 310              	.LFE124:
 312              		.text
 313              	.Letext0:
 314              		.file 2 "d:\\embedded_gcc\\arm_gcc\\arm-none-eabi\\include\\machine\\_default_types.h"
 315              		.file 3 "d:\\embedded_gcc\\arm_gcc\\arm-none-eabi\\include\\sys\\_stdint.h"
 316              		.file 4 "Drivers/CMSIS/core_cm4.h"
 317              		.file 5 "Drivers/CMSIS/GD/GD32F30x/Include/system_gd32f30x.h"
 318              		.file 6 "Drivers/GD32F30x_standard_peripheral/Include/gd32f30x_dbg.h"
ARM GAS  C:\Users\Prog\AppData\Local\Temp\ccrJD8va.s 			page 10


DEFINED SYMBOLS
                            *ABS*:0000000000000000 gd32f30x_dbg.c
C:\Users\Prog\AppData\Local\Temp\ccrJD8va.s:18     .text.dbg_deinit:0000000000000000 $t
C:\Users\Prog\AppData\Local\Temp\ccrJD8va.s:26     .text.dbg_deinit:0000000000000000 dbg_deinit
C:\Users\Prog\AppData\Local\Temp\ccrJD8va.s:44     .text.dbg_deinit:0000000000000008 $d
C:\Users\Prog\AppData\Local\Temp\ccrJD8va.s:49     .text.dbg_id_get:0000000000000000 $t
C:\Users\Prog\AppData\Local\Temp\ccrJD8va.s:56     .text.dbg_id_get:0000000000000000 dbg_id_get
C:\Users\Prog\AppData\Local\Temp\ccrJD8va.s:72     .text.dbg_id_get:0000000000000008 $d
C:\Users\Prog\AppData\Local\Temp\ccrJD8va.s:77     .text.dbg_low_power_enable:0000000000000000 $t
C:\Users\Prog\AppData\Local\Temp\ccrJD8va.s:84     .text.dbg_low_power_enable:0000000000000000 dbg_low_power_enable
C:\Users\Prog\AppData\Local\Temp\ccrJD8va.s:105    .text.dbg_low_power_enable:000000000000000c $d
C:\Users\Prog\AppData\Local\Temp\ccrJD8va.s:110    .text.dbg_low_power_disable:0000000000000000 $t
C:\Users\Prog\AppData\Local\Temp\ccrJD8va.s:117    .text.dbg_low_power_disable:0000000000000000 dbg_low_power_disable
C:\Users\Prog\AppData\Local\Temp\ccrJD8va.s:138    .text.dbg_low_power_disable:000000000000000c $d
C:\Users\Prog\AppData\Local\Temp\ccrJD8va.s:143    .text.dbg_periph_enable:0000000000000000 $t
C:\Users\Prog\AppData\Local\Temp\ccrJD8va.s:150    .text.dbg_periph_enable:0000000000000000 dbg_periph_enable
C:\Users\Prog\AppData\Local\Temp\ccrJD8va.s:179    .text.dbg_periph_disable:0000000000000000 $t
C:\Users\Prog\AppData\Local\Temp\ccrJD8va.s:186    .text.dbg_periph_disable:0000000000000000 dbg_periph_disable
C:\Users\Prog\AppData\Local\Temp\ccrJD8va.s:215    .text.dbg_trace_pin_enable:0000000000000000 $t
C:\Users\Prog\AppData\Local\Temp\ccrJD8va.s:222    .text.dbg_trace_pin_enable:0000000000000000 dbg_trace_pin_enable
C:\Users\Prog\AppData\Local\Temp\ccrJD8va.s:240    .text.dbg_trace_pin_enable:000000000000000c $d
C:\Users\Prog\AppData\Local\Temp\ccrJD8va.s:245    .text.dbg_trace_pin_disable:0000000000000000 $t
C:\Users\Prog\AppData\Local\Temp\ccrJD8va.s:252    .text.dbg_trace_pin_disable:0000000000000000 dbg_trace_pin_disable
C:\Users\Prog\AppData\Local\Temp\ccrJD8va.s:270    .text.dbg_trace_pin_disable:000000000000000c $d
C:\Users\Prog\AppData\Local\Temp\ccrJD8va.s:275    .text.dbg_trace_pin_mode_set:0000000000000000 $t
C:\Users\Prog\AppData\Local\Temp\ccrJD8va.s:282    .text.dbg_trace_pin_mode_set:0000000000000000 dbg_trace_pin_mode_set
C:\Users\Prog\AppData\Local\Temp\ccrJD8va.s:308    .text.dbg_trace_pin_mode_set:0000000000000014 $d

NO UNDEFINED SYMBOLS
