ARM GAS  C:\Users\Prog\AppData\Local\Temp\cc10LLmw.s 			page 1


   1              		.cpu cortex-m4
   2              		.eabi_attribute 27, 1
   3              		.eabi_attribute 28, 1
   4              		.eabi_attribute 20, 1
   5              		.eabi_attribute 21, 1
   6              		.eabi_attribute 23, 3
   7              		.eabi_attribute 24, 1
   8              		.eabi_attribute 25, 1
   9              		.eabi_attribute 26, 1
  10              		.eabi_attribute 30, 1
  11              		.eabi_attribute 34, 1
  12              		.eabi_attribute 18, 4
  13              		.file	"gd32f30x_wwdgt.c"
  14              		.text
  15              	.Ltext0:
  16              		.cfi_sections	.debug_frame
  17              		.section	.text.wwdgt_deinit,"ax",%progbits
  18              		.align	1
  19              		.global	wwdgt_deinit
  20              		.arch armv7e-m
  21              		.syntax unified
  22              		.thumb
  23              		.thumb_func
  24              		.fpu fpv4-sp-d16
  26              	wwdgt_deinit:
  27              	.LFB116:
  28              		.file 1 "Drivers/GD32F30x_standard_peripheral/Source/gd32f30x_wwdgt.c"
   1:Drivers/GD32F30x_standard_peripheral/Source/gd32f30x_wwdgt.c **** /*!
   2:Drivers/GD32F30x_standard_peripheral/Source/gd32f30x_wwdgt.c ****     \file    gd32f30x_wwdgt.c
   3:Drivers/GD32F30x_standard_peripheral/Source/gd32f30x_wwdgt.c ****     \brief   WWDGT driver
   4:Drivers/GD32F30x_standard_peripheral/Source/gd32f30x_wwdgt.c **** 
   5:Drivers/GD32F30x_standard_peripheral/Source/gd32f30x_wwdgt.c ****     \version 2017-02-10, V1.0.0, firmware for GD32F30x
   6:Drivers/GD32F30x_standard_peripheral/Source/gd32f30x_wwdgt.c ****     \version 2018-10-10, V1.1.0, firmware for GD32F30x
   7:Drivers/GD32F30x_standard_peripheral/Source/gd32f30x_wwdgt.c ****     \version 2018-12-25, V2.0.0, firmware for GD32F30x
   8:Drivers/GD32F30x_standard_peripheral/Source/gd32f30x_wwdgt.c ****     \version 2020-09-30, V2.1.0, firmware for GD32F30x
   9:Drivers/GD32F30x_standard_peripheral/Source/gd32f30x_wwdgt.c **** */
  10:Drivers/GD32F30x_standard_peripheral/Source/gd32f30x_wwdgt.c **** 
  11:Drivers/GD32F30x_standard_peripheral/Source/gd32f30x_wwdgt.c **** /*
  12:Drivers/GD32F30x_standard_peripheral/Source/gd32f30x_wwdgt.c ****     Copyright (c) 2020, GigaDevice Semiconductor Inc.
  13:Drivers/GD32F30x_standard_peripheral/Source/gd32f30x_wwdgt.c **** 
  14:Drivers/GD32F30x_standard_peripheral/Source/gd32f30x_wwdgt.c ****     Redistribution and use in source and binary forms, with or without modification, 
  15:Drivers/GD32F30x_standard_peripheral/Source/gd32f30x_wwdgt.c **** are permitted provided that the following conditions are met:
  16:Drivers/GD32F30x_standard_peripheral/Source/gd32f30x_wwdgt.c **** 
  17:Drivers/GD32F30x_standard_peripheral/Source/gd32f30x_wwdgt.c ****     1. Redistributions of source code must retain the above copyright notice, this 
  18:Drivers/GD32F30x_standard_peripheral/Source/gd32f30x_wwdgt.c ****        list of conditions and the following disclaimer.
  19:Drivers/GD32F30x_standard_peripheral/Source/gd32f30x_wwdgt.c ****     2. Redistributions in binary form must reproduce the above copyright notice, 
  20:Drivers/GD32F30x_standard_peripheral/Source/gd32f30x_wwdgt.c ****        this list of conditions and the following disclaimer in the documentation 
  21:Drivers/GD32F30x_standard_peripheral/Source/gd32f30x_wwdgt.c ****        and/or other materials provided with the distribution.
  22:Drivers/GD32F30x_standard_peripheral/Source/gd32f30x_wwdgt.c ****     3. Neither the name of the copyright holder nor the names of its contributors 
  23:Drivers/GD32F30x_standard_peripheral/Source/gd32f30x_wwdgt.c ****        may be used to endorse or promote products derived from this software without 
  24:Drivers/GD32F30x_standard_peripheral/Source/gd32f30x_wwdgt.c ****        specific prior written permission.
  25:Drivers/GD32F30x_standard_peripheral/Source/gd32f30x_wwdgt.c **** 
  26:Drivers/GD32F30x_standard_peripheral/Source/gd32f30x_wwdgt.c ****     THIS SOFTWARE IS PROVIDED BY THE COPYRIGHT HOLDERS AND CONTRIBUTORS "AS IS" 
  27:Drivers/GD32F30x_standard_peripheral/Source/gd32f30x_wwdgt.c **** AND ANY EXPRESS OR IMPLIED WARRANTIES, INCLUDING, BUT NOT LIMITED TO, THE IMPLIED 
  28:Drivers/GD32F30x_standard_peripheral/Source/gd32f30x_wwdgt.c **** WARRANTIES OF MERCHANTABILITY AND FITNESS FOR A PARTICULAR PURPOSE ARE DISCLAIMED. 
  29:Drivers/GD32F30x_standard_peripheral/Source/gd32f30x_wwdgt.c **** IN NO EVENT SHALL THE COPYRIGHT HOLDER OR CONTRIBUTORS BE LIABLE FOR ANY DIRECT, 
  30:Drivers/GD32F30x_standard_peripheral/Source/gd32f30x_wwdgt.c **** INDIRECT, INCIDENTAL, SPECIAL, EXEMPLARY, OR CONSEQUENTIAL DAMAGES (INCLUDING, BUT 
ARM GAS  C:\Users\Prog\AppData\Local\Temp\cc10LLmw.s 			page 2


  31:Drivers/GD32F30x_standard_peripheral/Source/gd32f30x_wwdgt.c **** NOT LIMITED TO, PROCUREMENT OF SUBSTITUTE GOODS OR SERVICES; LOSS OF USE, DATA, OR 
  32:Drivers/GD32F30x_standard_peripheral/Source/gd32f30x_wwdgt.c **** PROFITS; OR BUSINESS INTERRUPTION) HOWEVER CAUSED AND ON ANY THEORY OF LIABILITY, 
  33:Drivers/GD32F30x_standard_peripheral/Source/gd32f30x_wwdgt.c **** WHETHER IN CONTRACT, STRICT LIABILITY, OR TORT (INCLUDING NEGLIGENCE OR OTHERWISE) 
  34:Drivers/GD32F30x_standard_peripheral/Source/gd32f30x_wwdgt.c **** ARISING IN ANY WAY OUT OF THE USE OF THIS SOFTWARE, EVEN IF ADVISED OF THE POSSIBILITY 
  35:Drivers/GD32F30x_standard_peripheral/Source/gd32f30x_wwdgt.c **** OF SUCH DAMAGE.
  36:Drivers/GD32F30x_standard_peripheral/Source/gd32f30x_wwdgt.c **** */
  37:Drivers/GD32F30x_standard_peripheral/Source/gd32f30x_wwdgt.c **** 
  38:Drivers/GD32F30x_standard_peripheral/Source/gd32f30x_wwdgt.c **** #include "gd32f30x_wwdgt.h"
  39:Drivers/GD32F30x_standard_peripheral/Source/gd32f30x_wwdgt.c **** 
  40:Drivers/GD32F30x_standard_peripheral/Source/gd32f30x_wwdgt.c **** /* write value to WWDGT_CTL_CNT bit field */
  41:Drivers/GD32F30x_standard_peripheral/Source/gd32f30x_wwdgt.c **** #define CTL_CNT(regval)             (BITS(0,6) & ((uint32_t)(regval) << 0))
  42:Drivers/GD32F30x_standard_peripheral/Source/gd32f30x_wwdgt.c **** /* write value to WWDGT_CFG_WIN bit field */
  43:Drivers/GD32F30x_standard_peripheral/Source/gd32f30x_wwdgt.c **** #define CFG_WIN(regval)             (BITS(0,6) & ((uint32_t)(regval) << 0))
  44:Drivers/GD32F30x_standard_peripheral/Source/gd32f30x_wwdgt.c **** 
  45:Drivers/GD32F30x_standard_peripheral/Source/gd32f30x_wwdgt.c **** /*!
  46:Drivers/GD32F30x_standard_peripheral/Source/gd32f30x_wwdgt.c ****     \brief      reset the window watchdog timer configuration
  47:Drivers/GD32F30x_standard_peripheral/Source/gd32f30x_wwdgt.c ****     \param[in]  none
  48:Drivers/GD32F30x_standard_peripheral/Source/gd32f30x_wwdgt.c ****     \param[out] none
  49:Drivers/GD32F30x_standard_peripheral/Source/gd32f30x_wwdgt.c ****     \retval     none
  50:Drivers/GD32F30x_standard_peripheral/Source/gd32f30x_wwdgt.c **** */
  51:Drivers/GD32F30x_standard_peripheral/Source/gd32f30x_wwdgt.c **** void wwdgt_deinit(void)
  52:Drivers/GD32F30x_standard_peripheral/Source/gd32f30x_wwdgt.c **** {
  29              		.loc 1 52 1 view -0
  30              		.cfi_startproc
  31              		@ args = 0, pretend = 0, frame = 0
  32              		@ frame_needed = 0, uses_anonymous_args = 0
  33 0000 08B5     		push	{r3, lr}
  34              	.LCFI0:
  35              		.cfi_def_cfa_offset 8
  36              		.cfi_offset 3, -8
  37              		.cfi_offset 14, -4
  53:Drivers/GD32F30x_standard_peripheral/Source/gd32f30x_wwdgt.c ****     rcu_periph_reset_enable(RCU_WWDGTRST);
  38              		.loc 1 53 5 view .LVU1
  39 0002 40F20B40 		movw	r0, #1035
  40 0006 FFF7FEFF 		bl	rcu_periph_reset_enable
  41              	.LVL0:
  54:Drivers/GD32F30x_standard_peripheral/Source/gd32f30x_wwdgt.c ****     rcu_periph_reset_disable(RCU_WWDGTRST);
  42              		.loc 1 54 5 view .LVU2
  43 000a 40F20B40 		movw	r0, #1035
  44 000e FFF7FEFF 		bl	rcu_periph_reset_disable
  45              	.LVL1:
  55:Drivers/GD32F30x_standard_peripheral/Source/gd32f30x_wwdgt.c **** }
  46              		.loc 1 55 1 is_stmt 0 view .LVU3
  47 0012 08BD     		pop	{r3, pc}
  48              		.cfi_endproc
  49              	.LFE116:
  51              		.section	.text.wwdgt_enable,"ax",%progbits
  52              		.align	1
  53              		.global	wwdgt_enable
  54              		.syntax unified
  55              		.thumb
  56              		.thumb_func
  57              		.fpu fpv4-sp-d16
  59              	wwdgt_enable:
  60              	.LFB117:
  56:Drivers/GD32F30x_standard_peripheral/Source/gd32f30x_wwdgt.c **** 
  57:Drivers/GD32F30x_standard_peripheral/Source/gd32f30x_wwdgt.c **** /*!
ARM GAS  C:\Users\Prog\AppData\Local\Temp\cc10LLmw.s 			page 3


  58:Drivers/GD32F30x_standard_peripheral/Source/gd32f30x_wwdgt.c ****     \brief      start the window watchdog timer counter
  59:Drivers/GD32F30x_standard_peripheral/Source/gd32f30x_wwdgt.c ****     \param[in]  none
  60:Drivers/GD32F30x_standard_peripheral/Source/gd32f30x_wwdgt.c ****     \param[out] none
  61:Drivers/GD32F30x_standard_peripheral/Source/gd32f30x_wwdgt.c ****     \retval     none
  62:Drivers/GD32F30x_standard_peripheral/Source/gd32f30x_wwdgt.c **** */
  63:Drivers/GD32F30x_standard_peripheral/Source/gd32f30x_wwdgt.c **** void wwdgt_enable(void)
  64:Drivers/GD32F30x_standard_peripheral/Source/gd32f30x_wwdgt.c **** {
  61              		.loc 1 64 1 is_stmt 1 view -0
  62              		.cfi_startproc
  63              		@ args = 0, pretend = 0, frame = 0
  64              		@ frame_needed = 0, uses_anonymous_args = 0
  65              		@ link register save eliminated.
  65:Drivers/GD32F30x_standard_peripheral/Source/gd32f30x_wwdgt.c ****     WWDGT_CTL |= WWDGT_CTL_WDGTEN;
  66              		.loc 1 65 5 view .LVU5
  67              		.loc 1 65 15 is_stmt 0 view .LVU6
  68 0000 034A     		ldr	r2, .L4
  69 0002 D2F8003C 		ldr	r3, [r2, #3072]
  70 0006 43F08003 		orr	r3, r3, #128
  71 000a C2F8003C 		str	r3, [r2, #3072]
  66:Drivers/GD32F30x_standard_peripheral/Source/gd32f30x_wwdgt.c **** }
  72              		.loc 1 66 1 view .LVU7
  73 000e 7047     		bx	lr
  74              	.L5:
  75              		.align	2
  76              	.L4:
  77 0010 00200040 		.word	1073750016
  78              		.cfi_endproc
  79              	.LFE117:
  81              		.section	.text.wwdgt_counter_update,"ax",%progbits
  82              		.align	1
  83              		.global	wwdgt_counter_update
  84              		.syntax unified
  85              		.thumb
  86              		.thumb_func
  87              		.fpu fpv4-sp-d16
  89              	wwdgt_counter_update:
  90              	.LVL2:
  91              	.LFB118:
  67:Drivers/GD32F30x_standard_peripheral/Source/gd32f30x_wwdgt.c **** 
  68:Drivers/GD32F30x_standard_peripheral/Source/gd32f30x_wwdgt.c **** /*!
  69:Drivers/GD32F30x_standard_peripheral/Source/gd32f30x_wwdgt.c ****     \brief      configure the window watchdog timer counter value
  70:Drivers/GD32F30x_standard_peripheral/Source/gd32f30x_wwdgt.c ****     \param[in]  counter_value: 0x00 - 0x7F
  71:Drivers/GD32F30x_standard_peripheral/Source/gd32f30x_wwdgt.c ****     \param[out] none
  72:Drivers/GD32F30x_standard_peripheral/Source/gd32f30x_wwdgt.c ****     \retval     none
  73:Drivers/GD32F30x_standard_peripheral/Source/gd32f30x_wwdgt.c **** */
  74:Drivers/GD32F30x_standard_peripheral/Source/gd32f30x_wwdgt.c **** void wwdgt_counter_update(uint16_t counter_value)
  75:Drivers/GD32F30x_standard_peripheral/Source/gd32f30x_wwdgt.c **** {
  92              		.loc 1 75 1 is_stmt 1 view -0
  93              		.cfi_startproc
  94              		@ args = 0, pretend = 0, frame = 0
  95              		@ frame_needed = 0, uses_anonymous_args = 0
  96              		@ link register save eliminated.
  76:Drivers/GD32F30x_standard_peripheral/Source/gd32f30x_wwdgt.c ****     WWDGT_CTL = (uint32_t)(CTL_CNT(counter_value));
  97              		.loc 1 76 5 view .LVU9
  98              		.loc 1 76 17 is_stmt 0 view .LVU10
  99 0000 00F07F00 		and	r0, r0, #127
 100              	.LVL3:
ARM GAS  C:\Users\Prog\AppData\Local\Temp\cc10LLmw.s 			page 4


 101              		.loc 1 76 15 view .LVU11
 102 0004 014B     		ldr	r3, .L7
 103 0006 C3F8000C 		str	r0, [r3, #3072]
  77:Drivers/GD32F30x_standard_peripheral/Source/gd32f30x_wwdgt.c **** }
 104              		.loc 1 77 1 view .LVU12
 105 000a 7047     		bx	lr
 106              	.L8:
 107              		.align	2
 108              	.L7:
 109 000c 00200040 		.word	1073750016
 110              		.cfi_endproc
 111              	.LFE118:
 113              		.section	.text.wwdgt_config,"ax",%progbits
 114              		.align	1
 115              		.global	wwdgt_config
 116              		.syntax unified
 117              		.thumb
 118              		.thumb_func
 119              		.fpu fpv4-sp-d16
 121              	wwdgt_config:
 122              	.LVL4:
 123              	.LFB119:
  78:Drivers/GD32F30x_standard_peripheral/Source/gd32f30x_wwdgt.c **** 
  79:Drivers/GD32F30x_standard_peripheral/Source/gd32f30x_wwdgt.c **** /*!
  80:Drivers/GD32F30x_standard_peripheral/Source/gd32f30x_wwdgt.c ****     \brief      configure counter value, window value, and prescaler divider value  
  81:Drivers/GD32F30x_standard_peripheral/Source/gd32f30x_wwdgt.c ****     \param[in]  counter: 0x00 - 0x7F   
  82:Drivers/GD32F30x_standard_peripheral/Source/gd32f30x_wwdgt.c ****     \param[in]  window: 0x00 - 0x7F
  83:Drivers/GD32F30x_standard_peripheral/Source/gd32f30x_wwdgt.c ****     \param[in]  prescaler: wwdgt prescaler value
  84:Drivers/GD32F30x_standard_peripheral/Source/gd32f30x_wwdgt.c ****                 only one parameter can be selected which is shown as below:
  85:Drivers/GD32F30x_standard_peripheral/Source/gd32f30x_wwdgt.c ****       \arg        WWDGT_CFG_PSC_DIV1: the time base of window watchdog counter = (PCLK1/4096)/1
  86:Drivers/GD32F30x_standard_peripheral/Source/gd32f30x_wwdgt.c ****       \arg        WWDGT_CFG_PSC_DIV2: the time base of window watchdog counter = (PCLK1/4096)/2
  87:Drivers/GD32F30x_standard_peripheral/Source/gd32f30x_wwdgt.c ****       \arg        WWDGT_CFG_PSC_DIV4: the time base of window watchdog counter = (PCLK1/4096)/4
  88:Drivers/GD32F30x_standard_peripheral/Source/gd32f30x_wwdgt.c ****       \arg        WWDGT_CFG_PSC_DIV8: the time base of window watchdog counter = (PCLK1/4096)/8
  89:Drivers/GD32F30x_standard_peripheral/Source/gd32f30x_wwdgt.c ****     \param[out] none
  90:Drivers/GD32F30x_standard_peripheral/Source/gd32f30x_wwdgt.c ****     \retval     none
  91:Drivers/GD32F30x_standard_peripheral/Source/gd32f30x_wwdgt.c **** */
  92:Drivers/GD32F30x_standard_peripheral/Source/gd32f30x_wwdgt.c **** void wwdgt_config(uint16_t counter, uint16_t window, uint32_t prescaler)
  93:Drivers/GD32F30x_standard_peripheral/Source/gd32f30x_wwdgt.c **** {
 124              		.loc 1 93 1 is_stmt 1 view -0
 125              		.cfi_startproc
 126              		@ args = 0, pretend = 0, frame = 0
 127              		@ frame_needed = 0, uses_anonymous_args = 0
 128              		@ link register save eliminated.
  94:Drivers/GD32F30x_standard_peripheral/Source/gd32f30x_wwdgt.c ****     WWDGT_CTL = (uint32_t)(CTL_CNT(counter));
 129              		.loc 1 94 5 view .LVU14
 130              		.loc 1 94 17 is_stmt 0 view .LVU15
 131 0000 00F07F00 		and	r0, r0, #127
 132              	.LVL5:
 133              		.loc 1 94 15 view .LVU16
 134 0004 044B     		ldr	r3, .L10
 135 0006 C3F8000C 		str	r0, [r3, #3072]
  95:Drivers/GD32F30x_standard_peripheral/Source/gd32f30x_wwdgt.c ****     WWDGT_CFG = (uint32_t)(CFG_WIN(window) | prescaler);
 136              		.loc 1 95 5 is_stmt 1 view .LVU17
 137              		.loc 1 95 28 is_stmt 0 view .LVU18
 138 000a 01F07F01 		and	r1, r1, #127
 139              	.LVL6:
 140              		.loc 1 95 17 view .LVU19
ARM GAS  C:\Users\Prog\AppData\Local\Temp\cc10LLmw.s 			page 5


 141 000e 1143     		orrs	r1, r1, r2
 142              		.loc 1 95 15 view .LVU20
 143 0010 C3F8041C 		str	r1, [r3, #3076]
  96:Drivers/GD32F30x_standard_peripheral/Source/gd32f30x_wwdgt.c **** }
 144              		.loc 1 96 1 view .LVU21
 145 0014 7047     		bx	lr
 146              	.L11:
 147 0016 00BF     		.align	2
 148              	.L10:
 149 0018 00200040 		.word	1073750016
 150              		.cfi_endproc
 151              	.LFE119:
 153              		.section	.text.wwdgt_interrupt_enable,"ax",%progbits
 154              		.align	1
 155              		.global	wwdgt_interrupt_enable
 156              		.syntax unified
 157              		.thumb
 158              		.thumb_func
 159              		.fpu fpv4-sp-d16
 161              	wwdgt_interrupt_enable:
 162              	.LFB120:
  97:Drivers/GD32F30x_standard_peripheral/Source/gd32f30x_wwdgt.c **** 
  98:Drivers/GD32F30x_standard_peripheral/Source/gd32f30x_wwdgt.c **** /*!
  99:Drivers/GD32F30x_standard_peripheral/Source/gd32f30x_wwdgt.c ****     \brief      enable early wakeup interrupt of WWDGT
 100:Drivers/GD32F30x_standard_peripheral/Source/gd32f30x_wwdgt.c ****     \param[in]  none
 101:Drivers/GD32F30x_standard_peripheral/Source/gd32f30x_wwdgt.c ****     \param[out] none
 102:Drivers/GD32F30x_standard_peripheral/Source/gd32f30x_wwdgt.c ****     \retval     none
 103:Drivers/GD32F30x_standard_peripheral/Source/gd32f30x_wwdgt.c **** */
 104:Drivers/GD32F30x_standard_peripheral/Source/gd32f30x_wwdgt.c **** void wwdgt_interrupt_enable(void)
 105:Drivers/GD32F30x_standard_peripheral/Source/gd32f30x_wwdgt.c **** {
 163              		.loc 1 105 1 is_stmt 1 view -0
 164              		.cfi_startproc
 165              		@ args = 0, pretend = 0, frame = 0
 166              		@ frame_needed = 0, uses_anonymous_args = 0
 167              		@ link register save eliminated.
 106:Drivers/GD32F30x_standard_peripheral/Source/gd32f30x_wwdgt.c ****     WWDGT_CFG |= WWDGT_CFG_EWIE;
 168              		.loc 1 106 5 view .LVU23
 169              		.loc 1 106 15 is_stmt 0 view .LVU24
 170 0000 034A     		ldr	r2, .L13
 171 0002 D2F8043C 		ldr	r3, [r2, #3076]
 172 0006 43F40073 		orr	r3, r3, #512
 173 000a C2F8043C 		str	r3, [r2, #3076]
 107:Drivers/GD32F30x_standard_peripheral/Source/gd32f30x_wwdgt.c **** }
 174              		.loc 1 107 1 view .LVU25
 175 000e 7047     		bx	lr
 176              	.L14:
 177              		.align	2
 178              	.L13:
 179 0010 00200040 		.word	1073750016
 180              		.cfi_endproc
 181              	.LFE120:
 183              		.section	.text.wwdgt_flag_get,"ax",%progbits
 184              		.align	1
 185              		.global	wwdgt_flag_get
 186              		.syntax unified
 187              		.thumb
 188              		.thumb_func
ARM GAS  C:\Users\Prog\AppData\Local\Temp\cc10LLmw.s 			page 6


 189              		.fpu fpv4-sp-d16
 191              	wwdgt_flag_get:
 192              	.LFB121:
 108:Drivers/GD32F30x_standard_peripheral/Source/gd32f30x_wwdgt.c **** 
 109:Drivers/GD32F30x_standard_peripheral/Source/gd32f30x_wwdgt.c **** /*!
 110:Drivers/GD32F30x_standard_peripheral/Source/gd32f30x_wwdgt.c ****     \brief      check early wakeup interrupt state of WWDGT
 111:Drivers/GD32F30x_standard_peripheral/Source/gd32f30x_wwdgt.c ****     \param[in]  none
 112:Drivers/GD32F30x_standard_peripheral/Source/gd32f30x_wwdgt.c ****     \param[out] none
 113:Drivers/GD32F30x_standard_peripheral/Source/gd32f30x_wwdgt.c ****     \retval     FlagStatus: SET or RESET
 114:Drivers/GD32F30x_standard_peripheral/Source/gd32f30x_wwdgt.c **** */
 115:Drivers/GD32F30x_standard_peripheral/Source/gd32f30x_wwdgt.c **** FlagStatus wwdgt_flag_get(void)
 116:Drivers/GD32F30x_standard_peripheral/Source/gd32f30x_wwdgt.c **** {
 193              		.loc 1 116 1 is_stmt 1 view -0
 194              		.cfi_startproc
 195              		@ args = 0, pretend = 0, frame = 0
 196              		@ frame_needed = 0, uses_anonymous_args = 0
 197              		@ link register save eliminated.
 117:Drivers/GD32F30x_standard_peripheral/Source/gd32f30x_wwdgt.c ****     if(RESET != (WWDGT_STAT & WWDGT_STAT_EWIF)){
 198              		.loc 1 117 5 view .LVU27
 199              		.loc 1 117 18 is_stmt 0 view .LVU28
 200 0000 044B     		ldr	r3, .L18
 201 0002 D3F8083C 		ldr	r3, [r3, #3080]
 202              		.loc 1 117 7 view .LVU29
 203 0006 13F0010F 		tst	r3, #1
 204 000a 01D1     		bne	.L17
 118:Drivers/GD32F30x_standard_peripheral/Source/gd32f30x_wwdgt.c ****         return SET;
 119:Drivers/GD32F30x_standard_peripheral/Source/gd32f30x_wwdgt.c ****     }
 120:Drivers/GD32F30x_standard_peripheral/Source/gd32f30x_wwdgt.c **** 
 121:Drivers/GD32F30x_standard_peripheral/Source/gd32f30x_wwdgt.c ****     return RESET;
 205              		.loc 1 121 12 view .LVU30
 206 000c 0020     		movs	r0, #0
 207 000e 7047     		bx	lr
 208              	.L17:
 118:Drivers/GD32F30x_standard_peripheral/Source/gd32f30x_wwdgt.c ****         return SET;
 209              		.loc 1 118 16 view .LVU31
 210 0010 0120     		movs	r0, #1
 122:Drivers/GD32F30x_standard_peripheral/Source/gd32f30x_wwdgt.c **** }
 211              		.loc 1 122 1 view .LVU32
 212 0012 7047     		bx	lr
 213              	.L19:
 214              		.align	2
 215              	.L18:
 216 0014 00200040 		.word	1073750016
 217              		.cfi_endproc
 218              	.LFE121:
 220              		.section	.text.wwdgt_flag_clear,"ax",%progbits
 221              		.align	1
 222              		.global	wwdgt_flag_clear
 223              		.syntax unified
 224              		.thumb
 225              		.thumb_func
 226              		.fpu fpv4-sp-d16
 228              	wwdgt_flag_clear:
 229              	.LFB122:
 123:Drivers/GD32F30x_standard_peripheral/Source/gd32f30x_wwdgt.c **** 
 124:Drivers/GD32F30x_standard_peripheral/Source/gd32f30x_wwdgt.c **** /*!
 125:Drivers/GD32F30x_standard_peripheral/Source/gd32f30x_wwdgt.c ****     \brief      clear early wakeup interrupt state of WWDGT
ARM GAS  C:\Users\Prog\AppData\Local\Temp\cc10LLmw.s 			page 7


 126:Drivers/GD32F30x_standard_peripheral/Source/gd32f30x_wwdgt.c ****     \param[in]  none
 127:Drivers/GD32F30x_standard_peripheral/Source/gd32f30x_wwdgt.c ****     \param[out] none
 128:Drivers/GD32F30x_standard_peripheral/Source/gd32f30x_wwdgt.c ****     \retval     none
 129:Drivers/GD32F30x_standard_peripheral/Source/gd32f30x_wwdgt.c **** */
 130:Drivers/GD32F30x_standard_peripheral/Source/gd32f30x_wwdgt.c **** void wwdgt_flag_clear(void)
 131:Drivers/GD32F30x_standard_peripheral/Source/gd32f30x_wwdgt.c **** {
 230              		.loc 1 131 1 is_stmt 1 view -0
 231              		.cfi_startproc
 232              		@ args = 0, pretend = 0, frame = 0
 233              		@ frame_needed = 0, uses_anonymous_args = 0
 234              		@ link register save eliminated.
 132:Drivers/GD32F30x_standard_peripheral/Source/gd32f30x_wwdgt.c ****     WWDGT_STAT = (uint32_t)(RESET);
 235              		.loc 1 132 5 view .LVU34
 236              		.loc 1 132 16 is_stmt 0 view .LVU35
 237 0000 024B     		ldr	r3, .L21
 238 0002 0022     		movs	r2, #0
 239 0004 C3F8082C 		str	r2, [r3, #3080]
 133:Drivers/GD32F30x_standard_peripheral/Source/gd32f30x_wwdgt.c **** }
 240              		.loc 1 133 1 view .LVU36
 241 0008 7047     		bx	lr
 242              	.L22:
 243 000a 00BF     		.align	2
 244              	.L21:
 245 000c 00200040 		.word	1073750016
 246              		.cfi_endproc
 247              	.LFE122:
 249              		.text
 250              	.Letext0:
 251              		.file 2 "c:\\programdata\\chocolatey\\lib\\gcc-arm-embedded\\tools\\gcc-arm-none-eabi-10-2020-q4-m
 252              		.file 3 "c:\\programdata\\chocolatey\\lib\\gcc-arm-embedded\\tools\\gcc-arm-none-eabi-10-2020-q4-m
 253              		.file 4 "Drivers/CMSIS/GD/GD32F30x/Include/gd32f30x.h"
 254              		.file 5 "Drivers/GD32F30x_standard_peripheral/Include/gd32f30x_rcu.h"
ARM GAS  C:\Users\Prog\AppData\Local\Temp\cc10LLmw.s 			page 8


DEFINED SYMBOLS
                            *ABS*:00000000 gd32f30x_wwdgt.c
C:\Users\Prog\AppData\Local\Temp\cc10LLmw.s:18     .text.wwdgt_deinit:00000000 $t
C:\Users\Prog\AppData\Local\Temp\cc10LLmw.s:26     .text.wwdgt_deinit:00000000 wwdgt_deinit
C:\Users\Prog\AppData\Local\Temp\cc10LLmw.s:52     .text.wwdgt_enable:00000000 $t
C:\Users\Prog\AppData\Local\Temp\cc10LLmw.s:59     .text.wwdgt_enable:00000000 wwdgt_enable
C:\Users\Prog\AppData\Local\Temp\cc10LLmw.s:77     .text.wwdgt_enable:00000010 $d
C:\Users\Prog\AppData\Local\Temp\cc10LLmw.s:82     .text.wwdgt_counter_update:00000000 $t
C:\Users\Prog\AppData\Local\Temp\cc10LLmw.s:89     .text.wwdgt_counter_update:00000000 wwdgt_counter_update
C:\Users\Prog\AppData\Local\Temp\cc10LLmw.s:109    .text.wwdgt_counter_update:0000000c $d
C:\Users\Prog\AppData\Local\Temp\cc10LLmw.s:114    .text.wwdgt_config:00000000 $t
C:\Users\Prog\AppData\Local\Temp\cc10LLmw.s:121    .text.wwdgt_config:00000000 wwdgt_config
C:\Users\Prog\AppData\Local\Temp\cc10LLmw.s:149    .text.wwdgt_config:00000018 $d
C:\Users\Prog\AppData\Local\Temp\cc10LLmw.s:154    .text.wwdgt_interrupt_enable:00000000 $t
C:\Users\Prog\AppData\Local\Temp\cc10LLmw.s:161    .text.wwdgt_interrupt_enable:00000000 wwdgt_interrupt_enable
C:\Users\Prog\AppData\Local\Temp\cc10LLmw.s:179    .text.wwdgt_interrupt_enable:00000010 $d
C:\Users\Prog\AppData\Local\Temp\cc10LLmw.s:184    .text.wwdgt_flag_get:00000000 $t
C:\Users\Prog\AppData\Local\Temp\cc10LLmw.s:191    .text.wwdgt_flag_get:00000000 wwdgt_flag_get
C:\Users\Prog\AppData\Local\Temp\cc10LLmw.s:216    .text.wwdgt_flag_get:00000014 $d
C:\Users\Prog\AppData\Local\Temp\cc10LLmw.s:221    .text.wwdgt_flag_clear:00000000 $t
C:\Users\Prog\AppData\Local\Temp\cc10LLmw.s:228    .text.wwdgt_flag_clear:00000000 wwdgt_flag_clear
C:\Users\Prog\AppData\Local\Temp\cc10LLmw.s:245    .text.wwdgt_flag_clear:0000000c $d

UNDEFINED SYMBOLS
rcu_periph_reset_enable
rcu_periph_reset_disable
